INFO - 2023-11-25 22:56:04 --> Session: Class initialized using 'CodeIgniter\Session\Handlers\FileHandler' driver.
INFO - 2023-11-25 22:56:10 --> Session: Class initialized using 'CodeIgniter\Session\Handlers\FileHandler' driver.
INFO - 2023-11-25 22:56:11 --> Session: Class initialized using 'CodeIgniter\Session\Handlers\FileHandler' driver.
INFO - 2023-11-25 22:56:15 --> Session: Class initialized using 'CodeIgniter\Session\Handlers\FileHandler' driver.
INFO - 2023-11-25 22:56:15 --> Session: Class initialized using 'CodeIgniter\Session\Handlers\FileHandler' driver.
INFO - 2023-11-25 22:56:18 --> Session: Class initialized using 'CodeIgniter\Session\Handlers\FileHandler' driver.
INFO - 2023-11-25 22:56:19 --> Session: Class initialized using 'CodeIgniter\Session\Handlers\FileHandler' driver.
INFO - 2023-11-25 22:56:24 --> Session: Class initialized using 'CodeIgniter\Session\Handlers\FileHandler' driver.
INFO - 2023-11-25 22:56:28 --> Session: Class initialized using 'CodeIgniter\Session\Handlers\FileHandler' driver.
INFO - 2023-11-25 22:56:31 --> Session: Class initialized using 'CodeIgniter\Session\Handlers\FileHandler' driver.
INFO - 2023-11-25 22:56:33 --> Session: Class initialized using 'CodeIgniter\Session\Handlers\FileHandler' driver.
INFO - 2023-11-25 22:56:41 --> Session: Class initialized using 'CodeIgniter\Session\Handlers\FileHandler' driver.
INFO - 2023-11-25 22:56:43 --> Session: Class initialized using 'CodeIgniter\Session\Handlers\FileHandler' driver.
INFO - 2023-11-25 22:56:44 --> Session: Class initialized using 'CodeIgniter\Session\Handlers\FileHandler' driver.
INFO - 2023-11-25 22:56:46 --> Session: Class initialized using 'CodeIgniter\Session\Handlers\FileHandler' driver.
INFO - 2023-11-25 22:56:47 --> Session: Class initialized using 'CodeIgniter\Session\Handlers\FileHandler' driver.
INFO - 2023-11-25 22:56:49 --> Session: Class initialized using 'CodeIgniter\Session\Handlers\FileHandler' driver.
INFO - 2023-11-25 22:56:50 --> Session: Class initialized using 'CodeIgniter\Session\Handlers\FileHandler' driver.
INFO - 2023-11-25 22:57:16 --> Session: Class initialized using 'CodeIgniter\Session\Handlers\FileHandler' driver.
INFO - 2023-11-25 22:57:18 --> Session: Class initialized using 'CodeIgniter\Session\Handlers\FileHandler' driver.
INFO - 2023-11-25 22:57:32 --> Session: Class initialized using 'CodeIgniter\Session\Handlers\FileHandler' driver.
INFO - 2023-11-25 22:57:32 --> Session: Class initialized using 'CodeIgniter\Session\Handlers\FileHandler' driver.
INFO - 2023-11-25 22:57:51 --> Session: Class initialized using 'CodeIgniter\Session\Handlers\FileHandler' driver.
INFO - 2023-11-25 22:57:53 --> Session: Class initialized using 'CodeIgniter\Session\Handlers\FileHandler' driver.
INFO - 2023-11-25 22:58:18 --> Session: Class initialized using 'CodeIgniter\Session\Handlers\FileHandler' driver.
INFO - 2023-11-25 22:58:20 --> Session: Class initialized using 'CodeIgniter\Session\Handlers\FileHandler' driver.
INFO - 2023-11-25 22:58:48 --> Session: Class initialized using 'CodeIgniter\Session\Handlers\FileHandler' driver.
INFO - 2023-11-25 22:58:50 --> Session: Class initialized using 'CodeIgniter\Session\Handlers\FileHandler' driver.
INFO - 2023-11-25 22:59:38 --> Session: Class initialized using 'CodeIgniter\Session\Handlers\FileHandler' driver.
INFO - 2023-11-25 22:59:40 --> Session: Class initialized using 'CodeIgniter\Session\Handlers\FileHandler' driver.
INFO - 2023-11-25 22:59:42 --> Session: Class initialized using 'CodeIgniter\Session\Handlers\FileHandler' driver.
INFO - 2023-11-25 22:59:43 --> Session: Class initialized using 'CodeIgniter\Session\Handlers\FileHandler' driver.
INFO - 2023-11-25 22:59:46 --> Session: Class initialized using 'CodeIgniter\Session\Handlers\FileHandler' driver.
INFO - 2023-11-25 22:59:47 --> Session: Class initialized using 'CodeIgniter\Session\Handlers\FileHandler' driver.
INFO - 2023-11-25 23:00:10 --> Session: Class initialized using 'CodeIgniter\Session\Handlers\FileHandler' driver.
INFO - 2023-11-25 23:00:12 --> Session: Class initialized using 'CodeIgniter\Session\Handlers\FileHandler' driver.
INFO - 2023-11-25 23:00:22 --> Session: Class initialized using 'CodeIgniter\Session\Handlers\FileHandler' driver.
INFO - 2023-11-25 23:00:24 --> Session: Class initialized using 'CodeIgniter\Session\Handlers\FileHandler' driver.
INFO - 2023-11-25 23:00:27 --> Session: Class initialized using 'CodeIgniter\Session\Handlers\FileHandler' driver.
INFO - 2023-11-25 23:00:29 --> Session: Class initialized using 'CodeIgniter\Session\Handlers\FileHandler' driver.
INFO - 2023-11-25 23:00:30 --> Session: Class initialized using 'CodeIgniter\Session\Handlers\FileHandler' driver.
INFO - 2023-11-25 23:00:32 --> Session: Class initialized using 'CodeIgniter\Session\Handlers\FileHandler' driver.
INFO - 2023-11-25 23:00:36 --> Session: Class initialized using 'CodeIgniter\Session\Handlers\FileHandler' driver.
INFO - 2023-11-25 23:00:38 --> Session: Class initialized using 'CodeIgniter\Session\Handlers\FileHandler' driver.
INFO - 2023-11-25 23:00:49 --> Session: Class initialized using 'CodeIgniter\Session\Handlers\FileHandler' driver.
INFO - 2023-11-25 23:00:51 --> Session: Class initialized using 'CodeIgniter\Session\Handlers\FileHandler' driver.
INFO - 2023-11-25 23:00:53 --> Session: Class initialized using 'CodeIgniter\Session\Handlers\FileHandler' driver.
INFO - 2023-11-25 23:00:53 --> Session: Class initialized using 'CodeIgniter\Session\Handlers\FileHandler' driver.
INFO - 2023-11-25 23:00:54 --> Session: Class initialized using 'CodeIgniter\Session\Handlers\FileHandler' driver.
INFO - 2023-11-25 23:00:55 --> Session: Class initialized using 'CodeIgniter\Session\Handlers\FileHandler' driver.
INFO - 2023-11-25 23:01:26 --> Session: Class initialized using 'CodeIgniter\Session\Handlers\FileHandler' driver.
INFO - 2023-11-25 23:01:26 --> Session: Class initialized using 'CodeIgniter\Session\Handlers\FileHandler' driver.
INFO - 2023-11-25 23:01:42 --> Session: Class initialized using 'CodeIgniter\Session\Handlers\FileHandler' driver.
INFO - 2023-11-25 23:02:33 --> Session: Class initialized using 'CodeIgniter\Session\Handlers\FileHandler' driver.
INFO - 2023-11-25 23:02:35 --> Session: Class initialized using 'CodeIgniter\Session\Handlers\FileHandler' driver.
INFO - 2023-11-25 23:02:35 --> Session: Class initialized using 'CodeIgniter\Session\Handlers\FileHandler' driver.
INFO - 2023-11-25 23:04:03 --> Session: Class initialized using 'CodeIgniter\Session\Handlers\FileHandler' driver.
INFO - 2023-11-25 23:04:05 --> Session: Class initialized using 'CodeIgniter\Session\Handlers\FileHandler' driver.
INFO - 2023-11-25 23:04:07 --> Session: Class initialized using 'CodeIgniter\Session\Handlers\FileHandler' driver.
INFO - 2023-11-25 23:04:09 --> Session: Class initialized using 'CodeIgniter\Session\Handlers\FileHandler' driver.
INFO - 2023-11-25 23:04:12 --> Session: Class initialized using 'CodeIgniter\Session\Handlers\FileHandler' driver.
INFO - 2023-11-25 23:04:13 --> Session: Class initialized using 'CodeIgniter\Session\Handlers\FileHandler' driver.
INFO - 2023-11-25 23:04:14 --> Session: Class initialized using 'CodeIgniter\Session\Handlers\FileHandler' driver.
INFO - 2023-11-25 23:22:31 --> Session: Class initialized using 'CodeIgniter\Session\Handlers\FileHandler' driver.
INFO - 2023-11-25 23:22:36 --> Session: Class initialized using 'CodeIgniter\Session\Handlers\FileHandler' driver.
INFO - 2023-11-25 23:22:38 --> Session: Class initialized using 'CodeIgniter\Session\Handlers\FileHandler' driver.
INFO - 2023-11-25 23:22:38 --> Session: Class initialized using 'CodeIgniter\Session\Handlers\FileHandler' driver.
INFO - 2023-11-25 23:23:32 --> Session: Class initialized using 'CodeIgniter\Session\Handlers\FileHandler' driver.
INFO - 2023-11-25 23:23:52 --> Session: Class initialized using 'CodeIgniter\Session\Handlers\FileHandler' driver.
INFO - 2023-11-25 23:24:03 --> Session: Class initialized using 'CodeIgniter\Session\Handlers\FileHandler' driver.
INFO - 2023-11-25 23:24:04 --> Session: Class initialized using 'CodeIgniter\Session\Handlers\FileHandler' driver.
CRITICAL - 2023-11-25 23:24:04 --> Undefined variable $datos
in APPPATH\Controllers\Controlcompras.php on line 30.
 1 APPPATH\Controllers\Controlcompras.php(30): CodeIgniter\Debug\Exceptions->errorHandler(2, 'Undefined variable $datos', 'C:\\xampp\\htdocs\\urbix\\app\\Controllers\\Controlcompras.php', 30)
 2 SYSTEMPATH\CodeIgniter.php(932): App\Controllers\Controlcompras->index()
 3 SYSTEMPATH\CodeIgniter.php(497): CodeIgniter\CodeIgniter->runController(Object(App\Controllers\Controlcompras))
 4 SYSTEMPATH\CodeIgniter.php(366): CodeIgniter\CodeIgniter->handleRequest(null, Object(Config\Cache), false)
 5 FCPATH\index.php(67): CodeIgniter\CodeIgniter->run()
INFO - 2023-11-25 23:24:13 --> Session: Class initialized using 'CodeIgniter\Session\Handlers\FileHandler' driver.
CRITICAL - 2023-11-25 23:24:13 --> Attempt to read property "nombre_usuario" on null
in APPPATH\Views\main\form\controldecompra.php on line 29.
 1 APPPATH\Views\main\form\controldecompra.php(29): CodeIgniter\Debug\Exceptions->errorHandler(2, 'Attempt to read property "nombre_usuario" on null', 'C:\\xampp\\htdocs\\urbix\\app\\Views\\main\\form\\controldecompra.php', 29)
 2 SYSTEMPATH\View\View.php(224): include('C:\\xampp\\htdocs\\urbix\\app\\Views\\main\\form\\controldecompra.php')
 3 SYSTEMPATH\View\View.php(227): CodeIgniter\View\View->CodeIgniter\View\{closure}()
 4 SYSTEMPATH\Common.php(1180): CodeIgniter\View\View->render('main/form/controldecompra', [], true)
 5 APPPATH\Controllers\Controlcompras.php(30): view('main/form/controldecompra', [...])
 6 SYSTEMPATH\CodeIgniter.php(932): App\Controllers\Controlcompras->index()
 7 SYSTEMPATH\CodeIgniter.php(497): CodeIgniter\CodeIgniter->runController(Object(App\Controllers\Controlcompras))
 8 SYSTEMPATH\CodeIgniter.php(366): CodeIgniter\CodeIgniter->handleRequest(null, Object(Config\Cache), false)
 9 FCPATH\index.php(67): CodeIgniter\CodeIgniter->run()
INFO - 2023-11-25 23:24:15 --> Session: Class initialized using 'CodeIgniter\Session\Handlers\FileHandler' driver.
CRITICAL - 2023-11-25 23:24:15 --> Attempt to read property "nombre_usuario" on null
in APPPATH\Views\main\form\controldecompra.php on line 29.
 1 APPPATH\Views\main\form\controldecompra.php(29): CodeIgniter\Debug\Exceptions->errorHandler(2, 'Attempt to read property "nombre_usuario" on null', 'C:\\xampp\\htdocs\\urbix\\app\\Views\\main\\form\\controldecompra.php', 29)
 2 SYSTEMPATH\View\View.php(224): include('C:\\xampp\\htdocs\\urbix\\app\\Views\\main\\form\\controldecompra.php')
 3 SYSTEMPATH\View\View.php(227): CodeIgniter\View\View->CodeIgniter\View\{closure}()
 4 SYSTEMPATH\Common.php(1180): CodeIgniter\View\View->render('main/form/controldecompra', [], true)
 5 APPPATH\Controllers\Controlcompras.php(30): view('main/form/controldecompra', [...])
 6 SYSTEMPATH\CodeIgniter.php(932): App\Controllers\Controlcompras->index()
 7 SYSTEMPATH\CodeIgniter.php(497): CodeIgniter\CodeIgniter->runController(Object(App\Controllers\Controlcompras))
 8 SYSTEMPATH\CodeIgniter.php(366): CodeIgniter\CodeIgniter->handleRequest(null, Object(Config\Cache), false)
 9 FCPATH\index.php(67): CodeIgniter\CodeIgniter->run()
INFO - 2023-11-25 23:25:12 --> Session: Class initialized using 'CodeIgniter\Session\Handlers\FileHandler' driver.
CRITICAL - 2023-11-25 23:25:12 --> Attempt to read property "nombre_usuario" on null
in APPPATH\Views\main\form\controldecompra.php on line 29.
 1 APPPATH\Views\main\form\controldecompra.php(29): CodeIgniter\Debug\Exceptions->errorHandler(2, 'Attempt to read property "nombre_usuario" on null', 'C:\\xampp\\htdocs\\urbix\\app\\Views\\main\\form\\controldecompra.php', 29)
 2 SYSTEMPATH\View\View.php(224): include('C:\\xampp\\htdocs\\urbix\\app\\Views\\main\\form\\controldecompra.php')
 3 SYSTEMPATH\View\View.php(227): CodeIgniter\View\View->CodeIgniter\View\{closure}()
 4 SYSTEMPATH\Common.php(1180): CodeIgniter\View\View->render('main/form/controldecompra', [], true)
 5 APPPATH\Controllers\Controlcompras.php(30): view('main/form/controldecompra', [...])
 6 SYSTEMPATH\CodeIgniter.php(932): App\Controllers\Controlcompras->index()
 7 SYSTEMPATH\CodeIgniter.php(497): CodeIgniter\CodeIgniter->runController(Object(App\Controllers\Controlcompras))
 8 SYSTEMPATH\CodeIgniter.php(366): CodeIgniter\CodeIgniter->handleRequest(null, Object(Config\Cache), false)
 9 FCPATH\index.php(67): CodeIgniter\CodeIgniter->run()
INFO - 2023-11-25 23:25:14 --> Session: Class initialized using 'CodeIgniter\Session\Handlers\FileHandler' driver.
INFO - 2023-11-25 23:25:19 --> Session: Class initialized using 'CodeIgniter\Session\Handlers\FileHandler' driver.
INFO - 2023-11-25 23:25:21 --> Session: Class initialized using 'CodeIgniter\Session\Handlers\FileHandler' driver.
INFO - 2023-11-25 23:25:21 --> Session: Class initialized using 'CodeIgniter\Session\Handlers\FileHandler' driver.
INFO - 2023-11-25 23:25:25 --> Session: Class initialized using 'CodeIgniter\Session\Handlers\FileHandler' driver.
INFO - 2023-11-25 23:25:26 --> Session: Class initialized using 'CodeIgniter\Session\Handlers\FileHandler' driver.
INFO - 2023-11-25 23:25:41 --> Session: Class initialized using 'CodeIgniter\Session\Handlers\FileHandler' driver.
INFO - 2023-11-25 23:25:43 --> Session: Class initialized using 'CodeIgniter\Session\Handlers\FileHandler' driver.
INFO - 2023-11-25 23:25:46 --> Session: Class initialized using 'CodeIgniter\Session\Handlers\FileHandler' driver.
INFO - 2023-11-25 23:25:49 --> Session: Class initialized using 'CodeIgniter\Session\Handlers\FileHandler' driver.
INFO - 2023-11-25 23:25:50 --> Session: Class initialized using 'CodeIgniter\Session\Handlers\FileHandler' driver.
INFO - 2023-11-25 23:25:53 --> Session: Class initialized using 'CodeIgniter\Session\Handlers\FileHandler' driver.
INFO - 2023-11-25 23:25:54 --> Session: Class initialized using 'CodeIgniter\Session\Handlers\FileHandler' driver.
INFO - 2023-11-25 23:25:56 --> Session: Class initialized using 'CodeIgniter\Session\Handlers\FileHandler' driver.
INFO - 2023-11-25 23:25:56 --> Session: Class initialized using 'CodeIgniter\Session\Handlers\FileHandler' driver.
INFO - 2023-11-25 23:25:57 --> Session: Class initialized using 'CodeIgniter\Session\Handlers\FileHandler' driver.
INFO - 2023-11-25 23:25:59 --> Session: Class initialized using 'CodeIgniter\Session\Handlers\FileHandler' driver.
INFO - 2023-11-25 23:26:00 --> Session: Class initialized using 'CodeIgniter\Session\Handlers\FileHandler' driver.
INFO - 2023-11-25 23:26:00 --> Session: Class initialized using 'CodeIgniter\Session\Handlers\FileHandler' driver.
INFO - 2023-11-25 23:26:00 --> Session: Class initialized using 'CodeIgniter\Session\Handlers\FileHandler' driver.
INFO - 2023-11-25 23:26:01 --> Session: Class initialized using 'CodeIgniter\Session\Handlers\FileHandler' driver.
INFO - 2023-11-25 23:26:14 --> Session: Class initialized using 'CodeIgniter\Session\Handlers\FileHandler' driver.
INFO - 2023-11-25 23:26:16 --> Session: Class initialized using 'CodeIgniter\Session\Handlers\FileHandler' driver.
ERROR - 2023-11-25 23:26:52 --> mysqli_sql_exception: Table 'urbix.calle' doesn't exist in C:\xampp\htdocs\urbix\system\Database\MySQLi\Connection.php:295
Stack trace:
#0 C:\xampp\htdocs\urbix\system\Database\MySQLi\Connection.php(295): mysqli->query('INSERT INTO `ca...', 0)
#1 C:\xampp\htdocs\urbix\system\Database\BaseConnection.php(692): CodeIgniter\Database\MySQLi\Connection->execute('INSERT INTO `ca...')
#2 C:\xampp\htdocs\urbix\system\Database\BaseConnection.php(606): CodeIgniter\Database\BaseConnection->simpleQuery('INSERT INTO `ca...')
#3 C:\xampp\htdocs\urbix\system\Database\BaseBuilder.php(2309): CodeIgniter\Database\BaseConnection->query('INSERT INTO `ca...', Array, false)
#4 C:\xampp\htdocs\urbix\system\Model.php(330): CodeIgniter\Database\BaseBuilder->insert()
#5 C:\xampp\htdocs\urbix\system\BaseModel.php(782): CodeIgniter\Model->doInsert(Array)
#6 C:\xampp\htdocs\urbix\system\Model.php(730): CodeIgniter\BaseModel->insert(Array, true)
#7 C:\xampp\htdocs\urbix\app\Models\Calle.php(14): CodeIgniter\Model->insert(Array)
#8 C:\xampp\htdocs\urbix\app\Controllers\Comprass.php(136): App\Models\Calle->insertCalle('555')
#9 C:\xampp\htdocs\urbix\system\CodeIgniter.php(932): App\Controllers\Comprass->confirmarCompra('Argentina', 'Cordoba', 'almafuerte', '32424', 'peligroso', '555', '666', 'fsddsffsd')
#10 C:\xampp\htdocs\urbix\system\CodeIgniter.php(497): CodeIgniter\CodeIgniter->runController(Object(App\Controllers\Comprass))
#11 C:\xampp\htdocs\urbix\system\CodeIgniter.php(366): CodeIgniter\CodeIgniter->handleRequest(NULL, Object(Config\Cache), false)
#12 C:\xampp\htdocs\urbix\public\index.php(67): CodeIgniter\CodeIgniter->run()
#13 {main}
CRITICAL - 2023-11-25 23:26:52 --> Table 'urbix.calle' doesn't exist
in SYSTEMPATH\Database\MySQLi\Connection.php on line 295.
 1 SYSTEMPATH\Database\MySQLi\Connection.php(295): mysqli->query('INSERT INTO `calle` (`calle`) VALUES (\'555\')', 0)
 2 SYSTEMPATH\Database\BaseConnection.php(692): CodeIgniter\Database\MySQLi\Connection->execute('INSERT INTO `calle` (`calle`) VALUES (\'555\')')
 3 SYSTEMPATH\Database\BaseConnection.php(606): CodeIgniter\Database\BaseConnection->simpleQuery('INSERT INTO `calle` (`calle`) VALUES (\'555\')')
 4 SYSTEMPATH\Database\BaseBuilder.php(2309): CodeIgniter\Database\BaseConnection->query('INSERT INTO `calle` (`calle`) VALUES (:calle:)', [...], false)
 5 SYSTEMPATH\Model.php(330): CodeIgniter\Database\BaseBuilder->insert()
 6 SYSTEMPATH\BaseModel.php(782): CodeIgniter\Model->doInsert([...])
 7 SYSTEMPATH\Model.php(730): CodeIgniter\BaseModel->insert([...], true)
 8 APPPATH\Models\Calle.php(14): CodeIgniter\Model->insert([...])
 9 APPPATH\Controllers\Comprass.php(136): App\Models\Calle->insertCalle('555')
10 SYSTEMPATH\CodeIgniter.php(932): App\Controllers\Comprass->confirmarCompra('Argentina', 'Cordoba', 'almafuerte', '32424', 'peligroso', '555', '666', 'fsddsffsd')
11 SYSTEMPATH\CodeIgniter.php(497): CodeIgniter\CodeIgniter->runController(Object(App\Controllers\Comprass))
12 SYSTEMPATH\CodeIgniter.php(366): CodeIgniter\CodeIgniter->handleRequest(null, Object(Config\Cache), false)
13 FCPATH\index.php(67): CodeIgniter\CodeIgniter->run()
INFO - 2023-11-25 23:29:12 --> Session: Class initialized using 'CodeIgniter\Session\Handlers\FileHandler' driver.
INFO - 2023-11-25 23:29:12 --> Session: Class initialized using 'CodeIgniter\Session\Handlers\FileHandler' driver.
INFO - 2023-11-25 23:29:15 --> Session: Class initialized using 'CodeIgniter\Session\Handlers\FileHandler' driver.
CRITICAL - 2023-11-25 23:29:15 --> Attempt to read property "nombre_usuario" on null
in APPPATH\Views\main\form\controldecompra.php on line 29.
 1 APPPATH\Views\main\form\controldecompra.php(29): CodeIgniter\Debug\Exceptions->errorHandler(2, 'Attempt to read property "nombre_usuario" on null', 'C:\\xampp\\htdocs\\urbix\\app\\Views\\main\\form\\controldecompra.php', 29)
 2 SYSTEMPATH\View\View.php(224): include('C:\\xampp\\htdocs\\urbix\\app\\Views\\main\\form\\controldecompra.php')
 3 SYSTEMPATH\View\View.php(227): CodeIgniter\View\View->CodeIgniter\View\{closure}()
 4 SYSTEMPATH\Common.php(1180): CodeIgniter\View\View->render('main/form/controldecompra', [], true)
 5 APPPATH\Controllers\Controlcompras.php(30): view('main/form/controldecompra', [...])
 6 SYSTEMPATH\CodeIgniter.php(932): App\Controllers\Controlcompras->index()
 7 SYSTEMPATH\CodeIgniter.php(497): CodeIgniter\CodeIgniter->runController(Object(App\Controllers\Controlcompras))
 8 SYSTEMPATH\CodeIgniter.php(366): CodeIgniter\CodeIgniter->handleRequest(null, Object(Config\Cache), false)
 9 FCPATH\index.php(67): CodeIgniter\CodeIgniter->run()
INFO - 2023-11-25 23:29:25 --> Session: Class initialized using 'CodeIgniter\Session\Handlers\FileHandler' driver.
INFO - 2023-11-25 23:30:27 --> Session: Class initialized using 'CodeIgniter\Session\Handlers\FileHandler' driver.
INFO - 2023-11-25 23:30:27 --> Session: Class initialized using 'CodeIgniter\Session\Handlers\FileHandler' driver.
INFO - 2023-11-25 23:30:29 --> Session: Class initialized using 'CodeIgniter\Session\Handlers\FileHandler' driver.
INFO - 2023-11-25 23:30:31 --> Session: Class initialized using 'CodeIgniter\Session\Handlers\FileHandler' driver.
INFO - 2023-11-25 23:30:32 --> Session: Class initialized using 'CodeIgniter\Session\Handlers\FileHandler' driver.
INFO - 2023-11-25 23:30:32 --> Session: Class initialized using 'CodeIgniter\Session\Handlers\FileHandler' driver.
INFO - 2023-11-25 23:30:33 --> Session: Class initialized using 'CodeIgniter\Session\Handlers\FileHandler' driver.
INFO - 2023-11-25 23:30:33 --> Session: Class initialized using 'CodeIgniter\Session\Handlers\FileHandler' driver.
INFO - 2023-11-25 23:30:39 --> Session: Class initialized using 'CodeIgniter\Session\Handlers\FileHandler' driver.
INFO - 2023-11-25 23:30:41 --> Session: Class initialized using 'CodeIgniter\Session\Handlers\FileHandler' driver.
INFO - 2023-11-25 23:31:01 --> Session: Class initialized using 'CodeIgniter\Session\Handlers\FileHandler' driver.
INFO - 2023-11-25 23:31:01 --> Session: Class initialized using 'CodeIgniter\Session\Handlers\FileHandler' driver.
INFO - 2023-11-25 23:31:09 --> Session: Class initialized using 'CodeIgniter\Session\Handlers\FileHandler' driver.
INFO - 2023-11-25 23:31:14 --> Session: Class initialized using 'CodeIgniter\Session\Handlers\FileHandler' driver.
INFO - 2023-11-25 23:31:14 --> Session: Class initialized using 'CodeIgniter\Session\Handlers\FileHandler' driver.
INFO - 2023-11-25 23:31:15 --> Session: Class initialized using 'CodeIgniter\Session\Handlers\FileHandler' driver.
INFO - 2023-11-25 23:31:15 --> Session: Class initialized using 'CodeIgniter\Session\Handlers\FileHandler' driver.
INFO - 2023-11-25 23:31:16 --> Session: Class initialized using 'CodeIgniter\Session\Handlers\FileHandler' driver.
INFO - 2023-11-25 23:31:20 --> Session: Class initialized using 'CodeIgniter\Session\Handlers\FileHandler' driver.
INFO - 2023-11-25 23:31:58 --> Session: Class initialized using 'CodeIgniter\Session\Handlers\FileHandler' driver.
INFO - 2023-11-25 23:31:59 --> Session: Class initialized using 'CodeIgniter\Session\Handlers\FileHandler' driver.
CRITICAL - 2023-11-25 23:31:59 --> Attempt to read property "nombre_usuario" on null
in APPPATH\Views\main\form\controldecompra.php on line 29.
 1 APPPATH\Views\main\form\controldecompra.php(29): CodeIgniter\Debug\Exceptions->errorHandler(2, 'Attempt to read property "nombre_usuario" on null', 'C:\\xampp\\htdocs\\urbix\\app\\Views\\main\\form\\controldecompra.php', 29)
 2 SYSTEMPATH\View\View.php(224): include('C:\\xampp\\htdocs\\urbix\\app\\Views\\main\\form\\controldecompra.php')
 3 SYSTEMPATH\View\View.php(227): CodeIgniter\View\View->CodeIgniter\View\{closure}()
 4 SYSTEMPATH\Common.php(1180): CodeIgniter\View\View->render('main/form/controldecompra', [], true)
 5 APPPATH\Controllers\Controlcompras.php(30): view('main/form/controldecompra', [...])
 6 SYSTEMPATH\CodeIgniter.php(932): App\Controllers\Controlcompras->index()
 7 SYSTEMPATH\CodeIgniter.php(497): CodeIgniter\CodeIgniter->runController(Object(App\Controllers\Controlcompras))
 8 SYSTEMPATH\CodeIgniter.php(366): CodeIgniter\CodeIgniter->handleRequest(null, Object(Config\Cache), false)
 9 FCPATH\index.php(67): CodeIgniter\CodeIgniter->run()
INFO - 2023-11-25 23:32:17 --> Session: Class initialized using 'CodeIgniter\Session\Handlers\FileHandler' driver.
CRITICAL - 2023-11-25 23:32:17 --> Attempt to read property "user" on null
in APPPATH\Views\main\form\controldecompra.php on line 29.
 1 APPPATH\Views\main\form\controldecompra.php(29): CodeIgniter\Debug\Exceptions->errorHandler(2, 'Attempt to read property "user" on null', 'C:\\xampp\\htdocs\\urbix\\app\\Views\\main\\form\\controldecompra.php', 29)
 2 SYSTEMPATH\View\View.php(224): include('C:\\xampp\\htdocs\\urbix\\app\\Views\\main\\form\\controldecompra.php')
 3 SYSTEMPATH\View\View.php(227): CodeIgniter\View\View->CodeIgniter\View\{closure}()
 4 SYSTEMPATH\Common.php(1180): CodeIgniter\View\View->render('main/form/controldecompra', [], true)
 5 APPPATH\Controllers\Controlcompras.php(30): view('main/form/controldecompra', [...])
 6 SYSTEMPATH\CodeIgniter.php(932): App\Controllers\Controlcompras->index()
 7 SYSTEMPATH\CodeIgniter.php(497): CodeIgniter\CodeIgniter->runController(Object(App\Controllers\Controlcompras))
 8 SYSTEMPATH\CodeIgniter.php(366): CodeIgniter\CodeIgniter->handleRequest(null, Object(Config\Cache), false)
 9 FCPATH\index.php(67): CodeIgniter\CodeIgniter->run()
INFO - 2023-11-25 23:32:40 --> Session: Class initialized using 'CodeIgniter\Session\Handlers\FileHandler' driver.
CRITICAL - 2023-11-25 23:32:40 --> Attempt to read property "name" on null
in APPPATH\Views\main\form\controldecompra.php on line 29.
 1 APPPATH\Views\main\form\controldecompra.php(29): CodeIgniter\Debug\Exceptions->errorHandler(2, 'Attempt to read property "name" on null', 'C:\\xampp\\htdocs\\urbix\\app\\Views\\main\\form\\controldecompra.php', 29)
 2 SYSTEMPATH\View\View.php(224): include('C:\\xampp\\htdocs\\urbix\\app\\Views\\main\\form\\controldecompra.php')
 3 SYSTEMPATH\View\View.php(227): CodeIgniter\View\View->CodeIgniter\View\{closure}()
 4 SYSTEMPATH\Common.php(1180): CodeIgniter\View\View->render('main/form/controldecompra', [], true)
 5 APPPATH\Controllers\Controlcompras.php(30): view('main/form/controldecompra', [...])
 6 SYSTEMPATH\CodeIgniter.php(932): App\Controllers\Controlcompras->index()
 7 SYSTEMPATH\CodeIgniter.php(497): CodeIgniter\CodeIgniter->runController(Object(App\Controllers\Controlcompras))
 8 SYSTEMPATH\CodeIgniter.php(366): CodeIgniter\CodeIgniter->handleRequest(null, Object(Config\Cache), false)
 9 FCPATH\index.php(67): CodeIgniter\CodeIgniter->run()
INFO - 2023-11-25 23:33:51 --> Session: Class initialized using 'CodeIgniter\Session\Handlers\FileHandler' driver.
CRITICAL - 2023-11-25 23:33:51 --> Attempt to read property "nombre_usuario" on null
in APPPATH\Views\main\form\controldecompra.php on line 29.
 1 APPPATH\Views\main\form\controldecompra.php(29): CodeIgniter\Debug\Exceptions->errorHandler(2, 'Attempt to read property "nombre_usuario" on null', 'C:\\xampp\\htdocs\\urbix\\app\\Views\\main\\form\\controldecompra.php', 29)
 2 SYSTEMPATH\View\View.php(224): include('C:\\xampp\\htdocs\\urbix\\app\\Views\\main\\form\\controldecompra.php')
 3 SYSTEMPATH\View\View.php(227): CodeIgniter\View\View->CodeIgniter\View\{closure}()
 4 SYSTEMPATH\Common.php(1180): CodeIgniter\View\View->render('main/form/controldecompra', [], true)
 5 APPPATH\Controllers\Controlcompras.php(30): view('main/form/controldecompra', [...])
 6 SYSTEMPATH\CodeIgniter.php(932): App\Controllers\Controlcompras->index()
 7 SYSTEMPATH\CodeIgniter.php(497): CodeIgniter\CodeIgniter->runController(Object(App\Controllers\Controlcompras))
 8 SYSTEMPATH\CodeIgniter.php(366): CodeIgniter\CodeIgniter->handleRequest(null, Object(Config\Cache), false)
 9 FCPATH\index.php(67): CodeIgniter\CodeIgniter->run()
INFO - 2023-11-25 23:34:17 --> Session: Class initialized using 'CodeIgniter\Session\Handlers\FileHandler' driver.
INFO - 2023-11-25 23:35:07 --> Session: Class initialized using 'CodeIgniter\Session\Handlers\FileHandler' driver.
INFO - 2023-11-25 23:35:41 --> Session: Class initialized using 'CodeIgniter\Session\Handlers\FileHandler' driver.
ERROR - 2023-11-25 23:35:41 --> mysqli_sql_exception: Unknown column 'c.total_c' in 'field list' in C:\xampp\htdocs\urbix\system\Database\MySQLi\Connection.php:295
Stack trace:
#0 C:\xampp\htdocs\urbix\system\Database\MySQLi\Connection.php(295): mysqli->query('SELECT `u`.`nam...', 0)
#1 C:\xampp\htdocs\urbix\system\Database\BaseConnection.php(692): CodeIgniter\Database\MySQLi\Connection->execute('SELECT `u`.`nam...')
#2 C:\xampp\htdocs\urbix\system\Database\BaseConnection.php(606): CodeIgniter\Database\BaseConnection->simpleQuery('SELECT `u`.`nam...')
#3 C:\xampp\htdocs\urbix\system\Database\BaseBuilder.php(1616): CodeIgniter\Database\BaseConnection->query('SELECT `u`.`nam...', Array, false)
#4 C:\xampp\htdocs\urbix\system\Model.php(836): CodeIgniter\Database\BaseBuilder->get()
#5 C:\xampp\htdocs\urbix\app\Models\Compras.php(32): CodeIgniter\Model->__call('get', Array)
#6 C:\xampp\htdocs\urbix\app\Controllers\Controlcompras.php(26): App\Models\Compras->controlcompras()
#7 C:\xampp\htdocs\urbix\system\CodeIgniter.php(932): App\Controllers\Controlcompras->index()
#8 C:\xampp\htdocs\urbix\system\CodeIgniter.php(497): CodeIgniter\CodeIgniter->runController(Object(App\Controllers\Controlcompras))
#9 C:\xampp\htdocs\urbix\system\CodeIgniter.php(366): CodeIgniter\CodeIgniter->handleRequest(NULL, Object(Config\Cache), false)
#10 C:\xampp\htdocs\urbix\public\index.php(67): CodeIgniter\CodeIgniter->run()
#11 {main}
CRITICAL - 2023-11-25 23:35:41 --> Unknown column 'c.total_c' in 'field list'
in SYSTEMPATH\Database\MySQLi\Connection.php on line 295.
 1 SYSTEMPATH\Database\MySQLi\Connection.php(295): mysqli->query('SELECT `u`.`name` AS `nombre_usuario`, `p`.`nombre` AS `nombre_producto`, `dc`.`cantidad`, `p`.`precio` AS `precio_unitario`, (dc.cantidad * p.precio) AS subtotal, `c`.`total_c` AS `total_compra`
FROM `compras`
JOIN `users` `u` ON `c`.`id_user` = `u`.`id_user`
JOIN `detalle_compra` `dc` ON `c`.`id_compras` = `dc`.`id_compras`
JOIN `productos` `p` ON `dc`.`id_producto` = `p`.`id_producto`
JOIN `tipo` `t` ON `p`.`id_tipoprod` = `t`.`id_tipoprod`', 0)
 2 SYSTEMPATH\Database\BaseConnection.php(692): CodeIgniter\Database\MySQLi\Connection->execute('SELECT `u`.`name` AS `nombre_usuario`, `p`.`nombre` AS `nombre_producto`, `dc`.`cantidad`, `p`.`precio` AS `precio_unitario`, (dc.cantidad * p.precio) AS subtotal, `c`.`total_c` AS `total_compra`
FROM `compras`
JOIN `users` `u` ON `c`.`id_user` = `u`.`id_user`
JOIN `detalle_compra` `dc` ON `c`.`id_compras` = `dc`.`id_compras`
JOIN `productos` `p` ON `dc`.`id_producto` = `p`.`id_producto`
JOIN `tipo` `t` ON `p`.`id_tipoprod` = `t`.`id_tipoprod`')
 3 SYSTEMPATH\Database\BaseConnection.php(606): CodeIgniter\Database\BaseConnection->simpleQuery('SELECT `u`.`name` AS `nombre_usuario`, `p`.`nombre` AS `nombre_producto`, `dc`.`cantidad`, `p`.`precio` AS `precio_unitario`, (dc.cantidad * p.precio) AS subtotal, `c`.`total_c` AS `total_compra`
FROM `compras`
JOIN `users` `u` ON `c`.`id_user` = `u`.`id_user`
JOIN `detalle_compra` `dc` ON `c`.`id_compras` = `dc`.`id_compras`
JOIN `productos` `p` ON `dc`.`id_producto` = `p`.`id_producto`
JOIN `tipo` `t` ON `p`.`id_tipoprod` = `t`.`id_tipoprod`')
 4 SYSTEMPATH\Database\BaseBuilder.php(1616): CodeIgniter\Database\BaseConnection->query('SELECT `u`.`name` AS `nombre_usuario`, `p`.`nombre` AS `nombre_producto`, `dc`.`cantidad`, `p`.`precio` AS `precio_unitario`, (dc.cantidad * p.precio) AS subtotal, `c`.`total_c` AS `total_compra`
FROM `compras`
JOIN `users` `u` ON `c`.`id_user` = `u`.`id_user`
JOIN `detalle_compra` `dc` ON `c`.`id_compras` = `dc`.`id_compras`
JOIN `productos` `p` ON `dc`.`id_producto` = `p`.`id_producto`
JOIN `tipo` `t` ON `p`.`id_tipoprod` = `t`.`id_tipoprod`', [], false)
 5 SYSTEMPATH\Model.php(836): CodeIgniter\Database\BaseBuilder->get()
 6 APPPATH\Models\Compras.php(32): CodeIgniter\Model->__call('get', [])
 7 APPPATH\Controllers\Controlcompras.php(26): App\Models\Compras->controlcompras()
 8 SYSTEMPATH\CodeIgniter.php(932): App\Controllers\Controlcompras->index()
 9 SYSTEMPATH\CodeIgniter.php(497): CodeIgniter\CodeIgniter->runController(Object(App\Controllers\Controlcompras))
10 SYSTEMPATH\CodeIgniter.php(366): CodeIgniter\CodeIgniter->handleRequest(null, Object(Config\Cache), false)
11 FCPATH\index.php(67): CodeIgniter\CodeIgniter->run()
INFO - 2023-11-25 23:37:29 --> Session: Class initialized using 'CodeIgniter\Session\Handlers\FileHandler' driver.
ERROR - 2023-11-25 23:37:29 --> mysqli_sql_exception: Unknown column 'c.total_c' in 'field list' in C:\xampp\htdocs\urbix\system\Database\MySQLi\Connection.php:295
Stack trace:
#0 C:\xampp\htdocs\urbix\system\Database\MySQLi\Connection.php(295): mysqli->query('SELECT `u`.`nam...', 0)
#1 C:\xampp\htdocs\urbix\system\Database\BaseConnection.php(692): CodeIgniter\Database\MySQLi\Connection->execute('SELECT `u`.`nam...')
#2 C:\xampp\htdocs\urbix\system\Database\BaseConnection.php(606): CodeIgniter\Database\BaseConnection->simpleQuery('SELECT `u`.`nam...')
#3 C:\xampp\htdocs\urbix\system\Database\BaseBuilder.php(1616): CodeIgniter\Database\BaseConnection->query('SELECT `u`.`nam...', Array, false)
#4 C:\xampp\htdocs\urbix\system\Model.php(836): CodeIgniter\Database\BaseBuilder->get()
#5 C:\xampp\htdocs\urbix\app\Models\Compras.php(33): CodeIgniter\Model->__call('get', Array)
#6 C:\xampp\htdocs\urbix\app\Controllers\Controlcompras.php(26): App\Models\Compras->controlcompras()
#7 C:\xampp\htdocs\urbix\system\CodeIgniter.php(932): App\Controllers\Controlcompras->index()
#8 C:\xampp\htdocs\urbix\system\CodeIgniter.php(497): CodeIgniter\CodeIgniter->runController(Object(App\Controllers\Controlcompras))
#9 C:\xampp\htdocs\urbix\system\CodeIgniter.php(366): CodeIgniter\CodeIgniter->handleRequest(NULL, Object(Config\Cache), false)
#10 C:\xampp\htdocs\urbix\public\index.php(67): CodeIgniter\CodeIgniter->run()
#11 {main}
CRITICAL - 2023-11-25 23:37:29 --> Unknown column 'c.total_c' in 'field list'
in SYSTEMPATH\Database\MySQLi\Connection.php on line 295.
 1 SYSTEMPATH\Database\MySQLi\Connection.php(295): mysqli->query('SELECT `u`.`name` AS `nombre_usuario`, `p`.`nombre` AS `nombre_producto`, `dc`.`cantidad`, `p`.`precio` AS `precio_unitario`, (dc.cantidad * p.precio) AS subtotal, `c`.`total_c` AS `total_compra`, `u`.`name` AS `nombre_usuario`, `p`.`nombre` AS `nombre_producto`, `dc`.`cantidad`, `p`.`precio` AS `precio_unitario`, (dc.cantidad * p.precio) AS subtotal, `c`.`total_c`
FROM `compras`
JOIN `users` `u` ON `c`.`id_user` = `u`.`id_user`
JOIN `detalle_compra` `dc` ON `c`.`id_compras` = `dc`.`id_compras`
JOIN `productos` `p` ON `dc`.`id_producto` = `p`.`id_producto`
JOIN `tipo` `t` ON `p`.`id_tipoprod` = `t`.`id_tipoprod`', 0)
 2 SYSTEMPATH\Database\BaseConnection.php(692): CodeIgniter\Database\MySQLi\Connection->execute('SELECT `u`.`name` AS `nombre_usuario`, `p`.`nombre` AS `nombre_producto`, `dc`.`cantidad`, `p`.`precio` AS `precio_unitario`, (dc.cantidad * p.precio) AS subtotal, `c`.`total_c` AS `total_compra`, `u`.`name` AS `nombre_usuario`, `p`.`nombre` AS `nombre_producto`, `dc`.`cantidad`, `p`.`precio` AS `precio_unitario`, (dc.cantidad * p.precio) AS subtotal, `c`.`total_c`
FROM `compras`
JOIN `users` `u` ON `c`.`id_user` = `u`.`id_user`
JOIN `detalle_compra` `dc` ON `c`.`id_compras` = `dc`.`id_compras`
JOIN `productos` `p` ON `dc`.`id_producto` = `p`.`id_producto`
JOIN `tipo` `t` ON `p`.`id_tipoprod` = `t`.`id_tipoprod`')
 3 SYSTEMPATH\Database\BaseConnection.php(606): CodeIgniter\Database\BaseConnection->simpleQuery('SELECT `u`.`name` AS `nombre_usuario`, `p`.`nombre` AS `nombre_producto`, `dc`.`cantidad`, `p`.`precio` AS `precio_unitario`, (dc.cantidad * p.precio) AS subtotal, `c`.`total_c` AS `total_compra`, `u`.`name` AS `nombre_usuario`, `p`.`nombre` AS `nombre_producto`, `dc`.`cantidad`, `p`.`precio` AS `precio_unitario`, (dc.cantidad * p.precio) AS subtotal, `c`.`total_c`
FROM `compras`
JOIN `users` `u` ON `c`.`id_user` = `u`.`id_user`
JOIN `detalle_compra` `dc` ON `c`.`id_compras` = `dc`.`id_compras`
JOIN `productos` `p` ON `dc`.`id_producto` = `p`.`id_producto`
JOIN `tipo` `t` ON `p`.`id_tipoprod` = `t`.`id_tipoprod`')
 4 SYSTEMPATH\Database\BaseBuilder.php(1616): CodeIgniter\Database\BaseConnection->query('SELECT `u`.`name` AS `nombre_usuario`, `p`.`nombre` AS `nombre_producto`, `dc`.`cantidad`, `p`.`precio` AS `precio_unitario`, (dc.cantidad * p.precio) AS subtotal, `c`.`total_c` AS `total_compra`, `u`.`name` AS `nombre_usuario`, `p`.`nombre` AS `nombre_producto`, `dc`.`cantidad`, `p`.`precio` AS `precio_unitario`, (dc.cantidad * p.precio) AS subtotal, `c`.`total_c`
FROM `compras`
JOIN `users` `u` ON `c`.`id_user` = `u`.`id_user`
JOIN `detalle_compra` `dc` ON `c`.`id_compras` = `dc`.`id_compras`
JOIN `productos` `p` ON `dc`.`id_producto` = `p`.`id_producto`
JOIN `tipo` `t` ON `p`.`id_tipoprod` = `t`.`id_tipoprod`', [], false)
 5 SYSTEMPATH\Model.php(836): CodeIgniter\Database\BaseBuilder->get()
 6 APPPATH\Models\Compras.php(33): CodeIgniter\Model->__call('get', [])
 7 APPPATH\Controllers\Controlcompras.php(26): App\Models\Compras->controlcompras()
 8 SYSTEMPATH\CodeIgniter.php(932): App\Controllers\Controlcompras->index()
 9 SYSTEMPATH\CodeIgniter.php(497): CodeIgniter\CodeIgniter->runController(Object(App\Controllers\Controlcompras))
10 SYSTEMPATH\CodeIgniter.php(366): CodeIgniter\CodeIgniter->handleRequest(null, Object(Config\Cache), false)
11 FCPATH\index.php(67): CodeIgniter\CodeIgniter->run()
INFO - 2023-11-25 23:37:31 --> Session: Class initialized using 'CodeIgniter\Session\Handlers\FileHandler' driver.
ERROR - 2023-11-25 23:37:31 --> mysqli_sql_exception: Unknown column 'c.total_c' in 'field list' in C:\xampp\htdocs\urbix\system\Database\MySQLi\Connection.php:295
Stack trace:
#0 C:\xampp\htdocs\urbix\system\Database\MySQLi\Connection.php(295): mysqli->query('SELECT `u`.`nam...', 0)
#1 C:\xampp\htdocs\urbix\system\Database\BaseConnection.php(692): CodeIgniter\Database\MySQLi\Connection->execute('SELECT `u`.`nam...')
#2 C:\xampp\htdocs\urbix\system\Database\BaseConnection.php(606): CodeIgniter\Database\BaseConnection->simpleQuery('SELECT `u`.`nam...')
#3 C:\xampp\htdocs\urbix\system\Database\BaseBuilder.php(1616): CodeIgniter\Database\BaseConnection->query('SELECT `u`.`nam...', Array, false)
#4 C:\xampp\htdocs\urbix\system\Model.php(836): CodeIgniter\Database\BaseBuilder->get()
#5 C:\xampp\htdocs\urbix\app\Models\Compras.php(33): CodeIgniter\Model->__call('get', Array)
#6 C:\xampp\htdocs\urbix\app\Controllers\Controlcompras.php(26): App\Models\Compras->controlcompras()
#7 C:\xampp\htdocs\urbix\system\CodeIgniter.php(932): App\Controllers\Controlcompras->index()
#8 C:\xampp\htdocs\urbix\system\CodeIgniter.php(497): CodeIgniter\CodeIgniter->runController(Object(App\Controllers\Controlcompras))
#9 C:\xampp\htdocs\urbix\system\CodeIgniter.php(366): CodeIgniter\CodeIgniter->handleRequest(NULL, Object(Config\Cache), false)
#10 C:\xampp\htdocs\urbix\public\index.php(67): CodeIgniter\CodeIgniter->run()
#11 {main}
CRITICAL - 2023-11-25 23:37:31 --> Unknown column 'c.total_c' in 'field list'
in SYSTEMPATH\Database\MySQLi\Connection.php on line 295.
 1 SYSTEMPATH\Database\MySQLi\Connection.php(295): mysqli->query('SELECT `u`.`name` AS `nombre_usuario`, `p`.`nombre` AS `nombre_producto`, `dc`.`cantidad`, `p`.`precio` AS `precio_unitario`, (dc.cantidad * p.precio) AS subtotal, `c`.`total_c` AS `total_compra`, `u`.`name` AS `nombre_usuario`, `p`.`nombre` AS `nombre_producto`, `dc`.`cantidad`, `p`.`precio` AS `precio_unitario`, (dc.cantidad * p.precio) AS subtotal, `c`.`total_c`
FROM `compras`
JOIN `users` `u` ON `c`.`id_user` = `u`.`id_user`
JOIN `detalle_compra` `dc` ON `c`.`id_compras` = `dc`.`id_compras`
JOIN `productos` `p` ON `dc`.`id_producto` = `p`.`id_producto`
JOIN `tipo` `t` ON `p`.`id_tipoprod` = `t`.`id_tipoprod`', 0)
 2 SYSTEMPATH\Database\BaseConnection.php(692): CodeIgniter\Database\MySQLi\Connection->execute('SELECT `u`.`name` AS `nombre_usuario`, `p`.`nombre` AS `nombre_producto`, `dc`.`cantidad`, `p`.`precio` AS `precio_unitario`, (dc.cantidad * p.precio) AS subtotal, `c`.`total_c` AS `total_compra`, `u`.`name` AS `nombre_usuario`, `p`.`nombre` AS `nombre_producto`, `dc`.`cantidad`, `p`.`precio` AS `precio_unitario`, (dc.cantidad * p.precio) AS subtotal, `c`.`total_c`
FROM `compras`
JOIN `users` `u` ON `c`.`id_user` = `u`.`id_user`
JOIN `detalle_compra` `dc` ON `c`.`id_compras` = `dc`.`id_compras`
JOIN `productos` `p` ON `dc`.`id_producto` = `p`.`id_producto`
JOIN `tipo` `t` ON `p`.`id_tipoprod` = `t`.`id_tipoprod`')
 3 SYSTEMPATH\Database\BaseConnection.php(606): CodeIgniter\Database\BaseConnection->simpleQuery('SELECT `u`.`name` AS `nombre_usuario`, `p`.`nombre` AS `nombre_producto`, `dc`.`cantidad`, `p`.`precio` AS `precio_unitario`, (dc.cantidad * p.precio) AS subtotal, `c`.`total_c` AS `total_compra`, `u`.`name` AS `nombre_usuario`, `p`.`nombre` AS `nombre_producto`, `dc`.`cantidad`, `p`.`precio` AS `precio_unitario`, (dc.cantidad * p.precio) AS subtotal, `c`.`total_c`
FROM `compras`
JOIN `users` `u` ON `c`.`id_user` = `u`.`id_user`
JOIN `detalle_compra` `dc` ON `c`.`id_compras` = `dc`.`id_compras`
JOIN `productos` `p` ON `dc`.`id_producto` = `p`.`id_producto`
JOIN `tipo` `t` ON `p`.`id_tipoprod` = `t`.`id_tipoprod`')
 4 SYSTEMPATH\Database\BaseBuilder.php(1616): CodeIgniter\Database\BaseConnection->query('SELECT `u`.`name` AS `nombre_usuario`, `p`.`nombre` AS `nombre_producto`, `dc`.`cantidad`, `p`.`precio` AS `precio_unitario`, (dc.cantidad * p.precio) AS subtotal, `c`.`total_c` AS `total_compra`, `u`.`name` AS `nombre_usuario`, `p`.`nombre` AS `nombre_producto`, `dc`.`cantidad`, `p`.`precio` AS `precio_unitario`, (dc.cantidad * p.precio) AS subtotal, `c`.`total_c`
FROM `compras`
JOIN `users` `u` ON `c`.`id_user` = `u`.`id_user`
JOIN `detalle_compra` `dc` ON `c`.`id_compras` = `dc`.`id_compras`
JOIN `productos` `p` ON `dc`.`id_producto` = `p`.`id_producto`
JOIN `tipo` `t` ON `p`.`id_tipoprod` = `t`.`id_tipoprod`', [], false)
 5 SYSTEMPATH\Model.php(836): CodeIgniter\Database\BaseBuilder->get()
 6 APPPATH\Models\Compras.php(33): CodeIgniter\Model->__call('get', [])
 7 APPPATH\Controllers\Controlcompras.php(26): App\Models\Compras->controlcompras()
 8 SYSTEMPATH\CodeIgniter.php(932): App\Controllers\Controlcompras->index()
 9 SYSTEMPATH\CodeIgniter.php(497): CodeIgniter\CodeIgniter->runController(Object(App\Controllers\Controlcompras))
10 SYSTEMPATH\CodeIgniter.php(366): CodeIgniter\CodeIgniter->handleRequest(null, Object(Config\Cache), false)
11 FCPATH\index.php(67): CodeIgniter\CodeIgniter->run()
INFO - 2023-11-25 23:37:32 --> Session: Class initialized using 'CodeIgniter\Session\Handlers\FileHandler' driver.
INFO - 2023-11-25 23:37:33 --> Session: Class initialized using 'CodeIgniter\Session\Handlers\FileHandler' driver.
INFO - 2023-11-25 23:37:33 --> Session: Class initialized using 'CodeIgniter\Session\Handlers\FileHandler' driver.
ERROR - 2023-11-25 23:37:33 --> mysqli_sql_exception: Unknown column 'c.total_c' in 'field list' in C:\xampp\htdocs\urbix\system\Database\MySQLi\Connection.php:295
Stack trace:
#0 C:\xampp\htdocs\urbix\system\Database\MySQLi\Connection.php(295): mysqli->query('SELECT `u`.`nam...', 0)
#1 C:\xampp\htdocs\urbix\system\Database\BaseConnection.php(692): CodeIgniter\Database\MySQLi\Connection->execute('SELECT `u`.`nam...')
#2 C:\xampp\htdocs\urbix\system\Database\BaseConnection.php(606): CodeIgniter\Database\BaseConnection->simpleQuery('SELECT `u`.`nam...')
#3 C:\xampp\htdocs\urbix\system\Database\BaseBuilder.php(1616): CodeIgniter\Database\BaseConnection->query('SELECT `u`.`nam...', Array, false)
#4 C:\xampp\htdocs\urbix\system\Model.php(836): CodeIgniter\Database\BaseBuilder->get()
#5 C:\xampp\htdocs\urbix\app\Models\Compras.php(33): CodeIgniter\Model->__call('get', Array)
#6 C:\xampp\htdocs\urbix\app\Controllers\Controlcompras.php(26): App\Models\Compras->controlcompras()
#7 C:\xampp\htdocs\urbix\system\CodeIgniter.php(932): App\Controllers\Controlcompras->index()
#8 C:\xampp\htdocs\urbix\system\CodeIgniter.php(497): CodeIgniter\CodeIgniter->runController(Object(App\Controllers\Controlcompras))
#9 C:\xampp\htdocs\urbix\system\CodeIgniter.php(366): CodeIgniter\CodeIgniter->handleRequest(NULL, Object(Config\Cache), false)
#10 C:\xampp\htdocs\urbix\public\index.php(67): CodeIgniter\CodeIgniter->run()
#11 {main}
CRITICAL - 2023-11-25 23:37:33 --> Unknown column 'c.total_c' in 'field list'
in SYSTEMPATH\Database\MySQLi\Connection.php on line 295.
 1 SYSTEMPATH\Database\MySQLi\Connection.php(295): mysqli->query('SELECT `u`.`name` AS `nombre_usuario`, `p`.`nombre` AS `nombre_producto`, `dc`.`cantidad`, `p`.`precio` AS `precio_unitario`, (dc.cantidad * p.precio) AS subtotal, `c`.`total_c` AS `total_compra`, `u`.`name` AS `nombre_usuario`, `p`.`nombre` AS `nombre_producto`, `dc`.`cantidad`, `p`.`precio` AS `precio_unitario`, (dc.cantidad * p.precio) AS subtotal, `c`.`total_c`
FROM `compras`
JOIN `users` `u` ON `c`.`id_user` = `u`.`id_user`
JOIN `detalle_compra` `dc` ON `c`.`id_compras` = `dc`.`id_compras`
JOIN `productos` `p` ON `dc`.`id_producto` = `p`.`id_producto`
JOIN `tipo` `t` ON `p`.`id_tipoprod` = `t`.`id_tipoprod`', 0)
 2 SYSTEMPATH\Database\BaseConnection.php(692): CodeIgniter\Database\MySQLi\Connection->execute('SELECT `u`.`name` AS `nombre_usuario`, `p`.`nombre` AS `nombre_producto`, `dc`.`cantidad`, `p`.`precio` AS `precio_unitario`, (dc.cantidad * p.precio) AS subtotal, `c`.`total_c` AS `total_compra`, `u`.`name` AS `nombre_usuario`, `p`.`nombre` AS `nombre_producto`, `dc`.`cantidad`, `p`.`precio` AS `precio_unitario`, (dc.cantidad * p.precio) AS subtotal, `c`.`total_c`
FROM `compras`
JOIN `users` `u` ON `c`.`id_user` = `u`.`id_user`
JOIN `detalle_compra` `dc` ON `c`.`id_compras` = `dc`.`id_compras`
JOIN `productos` `p` ON `dc`.`id_producto` = `p`.`id_producto`
JOIN `tipo` `t` ON `p`.`id_tipoprod` = `t`.`id_tipoprod`')
 3 SYSTEMPATH\Database\BaseConnection.php(606): CodeIgniter\Database\BaseConnection->simpleQuery('SELECT `u`.`name` AS `nombre_usuario`, `p`.`nombre` AS `nombre_producto`, `dc`.`cantidad`, `p`.`precio` AS `precio_unitario`, (dc.cantidad * p.precio) AS subtotal, `c`.`total_c` AS `total_compra`, `u`.`name` AS `nombre_usuario`, `p`.`nombre` AS `nombre_producto`, `dc`.`cantidad`, `p`.`precio` AS `precio_unitario`, (dc.cantidad * p.precio) AS subtotal, `c`.`total_c`
FROM `compras`
JOIN `users` `u` ON `c`.`id_user` = `u`.`id_user`
JOIN `detalle_compra` `dc` ON `c`.`id_compras` = `dc`.`id_compras`
JOIN `productos` `p` ON `dc`.`id_producto` = `p`.`id_producto`
JOIN `tipo` `t` ON `p`.`id_tipoprod` = `t`.`id_tipoprod`')
 4 SYSTEMPATH\Database\BaseBuilder.php(1616): CodeIgniter\Database\BaseConnection->query('SELECT `u`.`name` AS `nombre_usuario`, `p`.`nombre` AS `nombre_producto`, `dc`.`cantidad`, `p`.`precio` AS `precio_unitario`, (dc.cantidad * p.precio) AS subtotal, `c`.`total_c` AS `total_compra`, `u`.`name` AS `nombre_usuario`, `p`.`nombre` AS `nombre_producto`, `dc`.`cantidad`, `p`.`precio` AS `precio_unitario`, (dc.cantidad * p.precio) AS subtotal, `c`.`total_c`
FROM `compras`
JOIN `users` `u` ON `c`.`id_user` = `u`.`id_user`
JOIN `detalle_compra` `dc` ON `c`.`id_compras` = `dc`.`id_compras`
JOIN `productos` `p` ON `dc`.`id_producto` = `p`.`id_producto`
JOIN `tipo` `t` ON `p`.`id_tipoprod` = `t`.`id_tipoprod`', [], false)
 5 SYSTEMPATH\Model.php(836): CodeIgniter\Database\BaseBuilder->get()
 6 APPPATH\Models\Compras.php(33): CodeIgniter\Model->__call('get', [])
 7 APPPATH\Controllers\Controlcompras.php(26): App\Models\Compras->controlcompras()
 8 SYSTEMPATH\CodeIgniter.php(932): App\Controllers\Controlcompras->index()
 9 SYSTEMPATH\CodeIgniter.php(497): CodeIgniter\CodeIgniter->runController(Object(App\Controllers\Controlcompras))
10 SYSTEMPATH\CodeIgniter.php(366): CodeIgniter\CodeIgniter->handleRequest(null, Object(Config\Cache), false)
11 FCPATH\index.php(67): CodeIgniter\CodeIgniter->run()
INFO - 2023-11-25 23:39:07 --> Session: Class initialized using 'CodeIgniter\Session\Handlers\FileHandler' driver.
INFO - 2023-11-25 23:39:16 --> Session: Class initialized using 'CodeIgniter\Session\Handlers\FileHandler' driver.
INFO - 2023-11-25 23:39:53 --> Session: Class initialized using 'CodeIgniter\Session\Handlers\FileHandler' driver.
CRITICAL - 2023-11-25 23:39:53 --> Undefined variable $cabecera
in APPPATH\Views\main\form\controldecompra.php on line 2.
 1 APPPATH\Views\main\form\controldecompra.php(2): CodeIgniter\Debug\Exceptions->errorHandler(2, 'Undefined variable $cabecera', 'C:\\xampp\\htdocs\\urbix\\app\\Views\\main\\form\\controldecompra.php', 2)
 2 SYSTEMPATH\View\View.php(224): include('C:\\xampp\\htdocs\\urbix\\app\\Views\\main\\form\\controldecompra.php')
 3 SYSTEMPATH\View\View.php(227): CodeIgniter\View\View->CodeIgniter\View\{closure}()
 4 SYSTEMPATH\Common.php(1180): CodeIgniter\View\View->render('main/form/controldecompra', [], true)
 5 APPPATH\Controllers\Controlcompras.php(29): view('main/form/controldecompra', [...])
 6 SYSTEMPATH\CodeIgniter.php(932): App\Controllers\Controlcompras->index()
 7 SYSTEMPATH\CodeIgniter.php(497): CodeIgniter\CodeIgniter->runController(Object(App\Controllers\Controlcompras))
 8 SYSTEMPATH\CodeIgniter.php(366): CodeIgniter\CodeIgniter->handleRequest(null, Object(Config\Cache), false)
 9 FCPATH\index.php(67): CodeIgniter\CodeIgniter->run()
INFO - 2023-11-25 23:40:18 --> Session: Class initialized using 'CodeIgniter\Session\Handlers\FileHandler' driver.
INFO - 2023-11-25 23:41:20 --> Session: Class initialized using 'CodeIgniter\Session\Handlers\FileHandler' driver.
INFO - 2023-11-25 23:41:21 --> Session: Class initialized using 'CodeIgniter\Session\Handlers\FileHandler' driver.
INFO - 2023-11-25 23:41:29 --> Session: Class initialized using 'CodeIgniter\Session\Handlers\FileHandler' driver.
INFO - 2023-11-25 23:41:37 --> Session: Class initialized using 'CodeIgniter\Session\Handlers\FileHandler' driver.
INFO - 2023-11-25 23:41:41 --> Session: Class initialized using 'CodeIgniter\Session\Handlers\FileHandler' driver.
INFO - 2023-11-25 23:42:55 --> Session: Class initialized using 'CodeIgniter\Session\Handlers\FileHandler' driver.
INFO - 2023-11-25 23:43:00 --> Session: Class initialized using 'CodeIgniter\Session\Handlers\FileHandler' driver.
CRITICAL - 2023-11-25 23:43:00 --> syntax error, unexpected end of file, expecting "elseif" or "else" or "endif"
in APPPATH\Views\main\form\dashboard.php on line 86.
 1 SYSTEMPATH\View\View.php(227): CodeIgniter\View\View->CodeIgniter\View\{closure}()
 2 SYSTEMPATH\Common.php(1180): CodeIgniter\View\View->render('main/form/dashboard', [], true)
 3 APPPATH\Controllers\Dashboard.php(19): view('main/form/dashboard')
 4 SYSTEMPATH\CodeIgniter.php(932): App\Controllers\Dashboard->index()
 5 SYSTEMPATH\CodeIgniter.php(497): CodeIgniter\CodeIgniter->runController(Object(App\Controllers\Dashboard))
 6 SYSTEMPATH\CodeIgniter.php(366): CodeIgniter\CodeIgniter->handleRequest(null, Object(Config\Cache), false)
 7 FCPATH\index.php(67): CodeIgniter\CodeIgniter->run()
INFO - 2023-11-25 23:43:00 --> Session: Class initialized using 'CodeIgniter\Session\Handlers\FileHandler' driver.
CRITICAL - 2023-11-25 23:43:00 --> syntax error, unexpected end of file, expecting "elseif" or "else" or "endif"
in APPPATH\Views\main\form\dashboard.php on line 86.
 1 SYSTEMPATH\View\View.php(227): CodeIgniter\View\View->CodeIgniter\View\{closure}()
 2 SYSTEMPATH\Common.php(1180): CodeIgniter\View\View->render('main/form/dashboard', [], true)
 3 APPPATH\Controllers\Dashboard.php(19): view('main/form/dashboard')
 4 SYSTEMPATH\CodeIgniter.php(932): App\Controllers\Dashboard->index()
 5 SYSTEMPATH\CodeIgniter.php(497): CodeIgniter\CodeIgniter->runController(Object(App\Controllers\Dashboard))
 6 SYSTEMPATH\CodeIgniter.php(366): CodeIgniter\CodeIgniter->handleRequest(null, Object(Config\Cache), false)
 7 FCPATH\index.php(67): CodeIgniter\CodeIgniter->run()
INFO - 2023-11-25 23:43:19 --> Session: Class initialized using 'CodeIgniter\Session\Handlers\FileHandler' driver.
INFO - 2023-11-25 23:43:21 --> Session: Class initialized using 'CodeIgniter\Session\Handlers\FileHandler' driver.
INFO - 2023-11-25 23:46:23 --> Session: Class initialized using 'CodeIgniter\Session\Handlers\FileHandler' driver.
CRITICAL - 2023-11-25 23:46:23 --> syntax error, unexpected end of file, expecting "elseif" or "else" or "endif"
in APPPATH\Views\main\form\controldecompra.php on line 54.
 1 SYSTEMPATH\View\View.php(227): CodeIgniter\View\View->CodeIgniter\View\{closure}()
 2 SYSTEMPATH\Common.php(1180): CodeIgniter\View\View->render('main/form/controldecompra', [], true)
 3 APPPATH\Controllers\Controlcompras.php(32): view('main/form/controldecompra', [...])
 4 SYSTEMPATH\CodeIgniter.php(932): App\Controllers\Controlcompras->index()
 5 SYSTEMPATH\CodeIgniter.php(497): CodeIgniter\CodeIgniter->runController(Object(App\Controllers\Controlcompras))
 6 SYSTEMPATH\CodeIgniter.php(366): CodeIgniter\CodeIgniter->handleRequest(null, Object(Config\Cache), false)
 7 FCPATH\index.php(67): CodeIgniter\CodeIgniter->run()
INFO - 2023-11-25 23:47:02 --> Session: Class initialized using 'CodeIgniter\Session\Handlers\FileHandler' driver.
CRITICAL - 2023-11-25 23:47:02 --> Undefined property: stdClass::$total_compra
in APPPATH\Views\main\form\controldecompra.php on line 40.
 1 APPPATH\Views\main\form\controldecompra.php(40): CodeIgniter\Debug\Exceptions->errorHandler(2, 'Undefined property: stdClass::$total_compra', 'C:\\xampp\\htdocs\\urbix\\app\\Views\\main\\form\\controldecompra.php', 40)
 2 SYSTEMPATH\View\View.php(224): include('C:\\xampp\\htdocs\\urbix\\app\\Views\\main\\form\\controldecompra.php')
 3 SYSTEMPATH\View\View.php(227): CodeIgniter\View\View->CodeIgniter\View\{closure}()
 4 SYSTEMPATH\Common.php(1180): CodeIgniter\View\View->render('main/form/controldecompra', [], true)
 5 APPPATH\Controllers\Controlcompras.php(32): view('main/form/controldecompra', [...])
 6 SYSTEMPATH\CodeIgniter.php(932): App\Controllers\Controlcompras->index()
 7 SYSTEMPATH\CodeIgniter.php(497): CodeIgniter\CodeIgniter->runController(Object(App\Controllers\Controlcompras))
 8 SYSTEMPATH\CodeIgniter.php(366): CodeIgniter\CodeIgniter->handleRequest(null, Object(Config\Cache), false)
 9 FCPATH\index.php(67): CodeIgniter\CodeIgniter->run()
INFO - 2023-11-25 23:47:27 --> Session: Class initialized using 'CodeIgniter\Session\Handlers\FileHandler' driver.
CRITICAL - 2023-11-25 23:47:27 --> syntax error, unexpected token ";"
in APPPATH\Views\main\form\controldecompra.php on line 40.
 1 SYSTEMPATH\View\View.php(227): CodeIgniter\View\View->CodeIgniter\View\{closure}()
 2 SYSTEMPATH\Common.php(1180): CodeIgniter\View\View->render('main/form/controldecompra', [], true)
 3 APPPATH\Controllers\Controlcompras.php(32): view('main/form/controldecompra', [...])
 4 SYSTEMPATH\CodeIgniter.php(932): App\Controllers\Controlcompras->index()
 5 SYSTEMPATH\CodeIgniter.php(497): CodeIgniter\CodeIgniter->runController(Object(App\Controllers\Controlcompras))
 6 SYSTEMPATH\CodeIgniter.php(366): CodeIgniter\CodeIgniter->handleRequest(null, Object(Config\Cache), false)
 7 FCPATH\index.php(67): CodeIgniter\CodeIgniter->run()
INFO - 2023-11-25 23:47:40 --> Session: Class initialized using 'CodeIgniter\Session\Handlers\FileHandler' driver.
CRITICAL - 2023-11-25 23:47:40 --> syntax error, unexpected token ";"
in APPPATH\Views\main\form\controldecompra.php on line 40.
 1 SYSTEMPATH\View\View.php(227): CodeIgniter\View\View->CodeIgniter\View\{closure}()
 2 SYSTEMPATH\Common.php(1180): CodeIgniter\View\View->render('main/form/controldecompra', [], true)
 3 APPPATH\Controllers\Controlcompras.php(32): view('main/form/controldecompra', [...])
 4 SYSTEMPATH\CodeIgniter.php(932): App\Controllers\Controlcompras->index()
 5 SYSTEMPATH\CodeIgniter.php(497): CodeIgniter\CodeIgniter->runController(Object(App\Controllers\Controlcompras))
 6 SYSTEMPATH\CodeIgniter.php(366): CodeIgniter\CodeIgniter->handleRequest(null, Object(Config\Cache), false)
 7 FCPATH\index.php(67): CodeIgniter\CodeIgniter->run()
INFO - 2023-11-25 23:47:51 --> Session: Class initialized using 'CodeIgniter\Session\Handlers\FileHandler' driver.
INFO - 2023-11-25 23:48:14 --> Session: Class initialized using 'CodeIgniter\Session\Handlers\FileHandler' driver.
INFO - 2023-11-25 23:48:25 --> Session: Class initialized using 'CodeIgniter\Session\Handlers\FileHandler' driver.
INFO - 2023-11-25 23:50:14 --> Session: Class initialized using 'CodeIgniter\Session\Handlers\FileHandler' driver.
CRITICAL - 2023-11-25 23:50:14 --> Undefined property: stdClass::$email_usuario
in APPPATH\Views\main\form\controldecompra.php on line 34.
 1 APPPATH\Views\main\form\controldecompra.php(34): CodeIgniter\Debug\Exceptions->errorHandler(2, 'Undefined property: stdClass::$email_usuario', 'C:\\xampp\\htdocs\\urbix\\app\\Views\\main\\form\\controldecompra.php', 34)
 2 SYSTEMPATH\View\View.php(224): include('C:\\xampp\\htdocs\\urbix\\app\\Views\\main\\form\\controldecompra.php')
 3 SYSTEMPATH\View\View.php(227): CodeIgniter\View\View->CodeIgniter\View\{closure}()
 4 SYSTEMPATH\Common.php(1180): CodeIgniter\View\View->render('main/form/controldecompra', [], true)
 5 APPPATH\Controllers\Controlcompras.php(32): view('main/form/controldecompra', [...])
 6 SYSTEMPATH\CodeIgniter.php(932): App\Controllers\Controlcompras->index()
 7 SYSTEMPATH\CodeIgniter.php(497): CodeIgniter\CodeIgniter->runController(Object(App\Controllers\Controlcompras))
 8 SYSTEMPATH\CodeIgniter.php(366): CodeIgniter\CodeIgniter->handleRequest(null, Object(Config\Cache), false)
 9 FCPATH\index.php(67): CodeIgniter\CodeIgniter->run()
INFO - 2023-11-25 23:51:02 --> Session: Class initialized using 'CodeIgniter\Session\Handlers\FileHandler' driver.
CRITICAL - 2023-11-25 23:51:02 --> Undefined property: stdClass::$email_usuario
in APPPATH\Views\main\form\controldecompra.php on line 34.
 1 APPPATH\Views\main\form\controldecompra.php(34): CodeIgniter\Debug\Exceptions->errorHandler(2, 'Undefined property: stdClass::$email_usuario', 'C:\\xampp\\htdocs\\urbix\\app\\Views\\main\\form\\controldecompra.php', 34)
 2 SYSTEMPATH\View\View.php(224): include('C:\\xampp\\htdocs\\urbix\\app\\Views\\main\\form\\controldecompra.php')
 3 SYSTEMPATH\View\View.php(227): CodeIgniter\View\View->CodeIgniter\View\{closure}()
 4 SYSTEMPATH\Common.php(1180): CodeIgniter\View\View->render('main/form/controldecompra', [], true)
 5 APPPATH\Controllers\Controlcompras.php(32): view('main/form/controldecompra', [...])
 6 SYSTEMPATH\CodeIgniter.php(932): App\Controllers\Controlcompras->index()
 7 SYSTEMPATH\CodeIgniter.php(497): CodeIgniter\CodeIgniter->runController(Object(App\Controllers\Controlcompras))
 8 SYSTEMPATH\CodeIgniter.php(366): CodeIgniter\CodeIgniter->handleRequest(null, Object(Config\Cache), false)
 9 FCPATH\index.php(67): CodeIgniter\CodeIgniter->run()
INFO - 2023-11-25 23:51:03 --> Session: Class initialized using 'CodeIgniter\Session\Handlers\FileHandler' driver.
CRITICAL - 2023-11-25 23:51:03 --> Undefined property: stdClass::$email_usuario
in APPPATH\Views\main\form\controldecompra.php on line 34.
 1 APPPATH\Views\main\form\controldecompra.php(34): CodeIgniter\Debug\Exceptions->errorHandler(2, 'Undefined property: stdClass::$email_usuario', 'C:\\xampp\\htdocs\\urbix\\app\\Views\\main\\form\\controldecompra.php', 34)
 2 SYSTEMPATH\View\View.php(224): include('C:\\xampp\\htdocs\\urbix\\app\\Views\\main\\form\\controldecompra.php')
 3 SYSTEMPATH\View\View.php(227): CodeIgniter\View\View->CodeIgniter\View\{closure}()
 4 SYSTEMPATH\Common.php(1180): CodeIgniter\View\View->render('main/form/controldecompra', [], true)
 5 APPPATH\Controllers\Controlcompras.php(32): view('main/form/controldecompra', [...])
 6 SYSTEMPATH\CodeIgniter.php(932): App\Controllers\Controlcompras->index()
 7 SYSTEMPATH\CodeIgniter.php(497): CodeIgniter\CodeIgniter->runController(Object(App\Controllers\Controlcompras))
 8 SYSTEMPATH\CodeIgniter.php(366): CodeIgniter\CodeIgniter->handleRequest(null, Object(Config\Cache), false)
 9 FCPATH\index.php(67): CodeIgniter\CodeIgniter->run()
INFO - 2023-11-25 23:51:15 --> Session: Class initialized using 'CodeIgniter\Session\Handlers\FileHandler' driver.
CRITICAL - 2023-11-25 23:51:15 --> Undefined property: stdClass::$email_usuario
in APPPATH\Views\main\form\controldecompra.php on line 34.
 1 APPPATH\Views\main\form\controldecompra.php(34): CodeIgniter\Debug\Exceptions->errorHandler(2, 'Undefined property: stdClass::$email_usuario', 'C:\\xampp\\htdocs\\urbix\\app\\Views\\main\\form\\controldecompra.php', 34)
 2 SYSTEMPATH\View\View.php(224): include('C:\\xampp\\htdocs\\urbix\\app\\Views\\main\\form\\controldecompra.php')
 3 SYSTEMPATH\View\View.php(227): CodeIgniter\View\View->CodeIgniter\View\{closure}()
 4 SYSTEMPATH\Common.php(1180): CodeIgniter\View\View->render('main/form/controldecompra', [], true)
 5 APPPATH\Controllers\Controlcompras.php(32): view('main/form/controldecompra', [...])
 6 SYSTEMPATH\CodeIgniter.php(932): App\Controllers\Controlcompras->index()
 7 SYSTEMPATH\CodeIgniter.php(497): CodeIgniter\CodeIgniter->runController(Object(App\Controllers\Controlcompras))
 8 SYSTEMPATH\CodeIgniter.php(366): CodeIgniter\CodeIgniter->handleRequest(null, Object(Config\Cache), false)
 9 FCPATH\index.php(67): CodeIgniter\CodeIgniter->run()
INFO - 2023-11-25 23:51:15 --> Session: Class initialized using 'CodeIgniter\Session\Handlers\FileHandler' driver.
CRITICAL - 2023-11-25 23:51:15 --> Undefined property: stdClass::$email_usuario
in APPPATH\Views\main\form\controldecompra.php on line 34.
 1 APPPATH\Views\main\form\controldecompra.php(34): CodeIgniter\Debug\Exceptions->errorHandler(2, 'Undefined property: stdClass::$email_usuario', 'C:\\xampp\\htdocs\\urbix\\app\\Views\\main\\form\\controldecompra.php', 34)
 2 SYSTEMPATH\View\View.php(224): include('C:\\xampp\\htdocs\\urbix\\app\\Views\\main\\form\\controldecompra.php')
 3 SYSTEMPATH\View\View.php(227): CodeIgniter\View\View->CodeIgniter\View\{closure}()
 4 SYSTEMPATH\Common.php(1180): CodeIgniter\View\View->render('main/form/controldecompra', [], true)
 5 APPPATH\Controllers\Controlcompras.php(32): view('main/form/controldecompra', [...])
 6 SYSTEMPATH\CodeIgniter.php(932): App\Controllers\Controlcompras->index()
 7 SYSTEMPATH\CodeIgniter.php(497): CodeIgniter\CodeIgniter->runController(Object(App\Controllers\Controlcompras))
 8 SYSTEMPATH\CodeIgniter.php(366): CodeIgniter\CodeIgniter->handleRequest(null, Object(Config\Cache), false)
 9 FCPATH\index.php(67): CodeIgniter\CodeIgniter->run()
INFO - 2023-11-25 23:51:38 --> Session: Class initialized using 'CodeIgniter\Session\Handlers\FileHandler' driver.
CRITICAL - 2023-11-25 23:51:38 --> Undefined property: stdClass::$email_usuario
in APPPATH\Views\main\form\controldecompra.php on line 34.
 1 APPPATH\Views\main\form\controldecompra.php(34): CodeIgniter\Debug\Exceptions->errorHandler(2, 'Undefined property: stdClass::$email_usuario', 'C:\\xampp\\htdocs\\urbix\\app\\Views\\main\\form\\controldecompra.php', 34)
 2 SYSTEMPATH\View\View.php(224): include('C:\\xampp\\htdocs\\urbix\\app\\Views\\main\\form\\controldecompra.php')
 3 SYSTEMPATH\View\View.php(227): CodeIgniter\View\View->CodeIgniter\View\{closure}()
 4 SYSTEMPATH\Common.php(1180): CodeIgniter\View\View->render('main/form/controldecompra', [], true)
 5 APPPATH\Controllers\Controlcompras.php(32): view('main/form/controldecompra', [...])
 6 SYSTEMPATH\CodeIgniter.php(932): App\Controllers\Controlcompras->index()
 7 SYSTEMPATH\CodeIgniter.php(497): CodeIgniter\CodeIgniter->runController(Object(App\Controllers\Controlcompras))
 8 SYSTEMPATH\CodeIgniter.php(366): CodeIgniter\CodeIgniter->handleRequest(null, Object(Config\Cache), false)
 9 FCPATH\index.php(67): CodeIgniter\CodeIgniter->run()
INFO - 2023-11-25 23:52:54 --> Session: Class initialized using 'CodeIgniter\Session\Handlers\FileHandler' driver.
INFO - 2023-11-25 23:53:28 --> Session: Class initialized using 'CodeIgniter\Session\Handlers\FileHandler' driver.
INFO - 2023-11-25 23:53:35 --> Session: Class initialized using 'CodeIgniter\Session\Handlers\FileHandler' driver.
INFO - 2023-11-25 23:54:57 --> Session: Class initialized using 'CodeIgniter\Session\Handlers\FileHandler' driver.
INFO - 2023-11-25 23:55:13 --> Session: Class initialized using 'CodeIgniter\Session\Handlers\FileHandler' driver.
INFO - 2023-11-25 23:55:25 --> Session: Class initialized using 'CodeIgniter\Session\Handlers\FileHandler' driver.
INFO - 2023-11-25 23:55:26 --> Session: Class initialized using 'CodeIgniter\Session\Handlers\FileHandler' driver.
INFO - 2023-11-25 23:56:13 --> Session: Class initialized using 'CodeIgniter\Session\Handlers\FileHandler' driver.
INFO - 2023-11-25 23:56:36 --> Session: Class initialized using 'CodeIgniter\Session\Handlers\FileHandler' driver.
INFO - 2023-11-25 23:56:40 --> Session: Class initialized using 'CodeIgniter\Session\Handlers\FileHandler' driver.
