INFO - 2023-08-18 00:10:25 --> Session: Class initialized using 'CodeIgniter\Session\Handlers\FileHandler' driver.
INFO - 2023-08-18 00:10:50 --> Session: Class initialized using 'CodeIgniter\Session\Handlers\FileHandler' driver.
INFO - 2023-08-18 00:10:51 --> Session: Class initialized using 'CodeIgniter\Session\Handlers\FileHandler' driver.
INFO - 2023-08-18 00:11:00 --> Session: Class initialized using 'CodeIgniter\Session\Handlers\FileHandler' driver.
INFO - 2023-08-18 00:11:23 --> Session: Class initialized using 'CodeIgniter\Session\Handlers\FileHandler' driver.
INFO - 2023-08-18 00:11:24 --> Session: Class initialized using 'CodeIgniter\Session\Handlers\FileHandler' driver.
INFO - 2023-08-18 00:11:46 --> Session: Class initialized using 'CodeIgniter\Session\Handlers\FileHandler' driver.
INFO - 2023-08-18 00:11:51 --> Session: Class initialized using 'CodeIgniter\Session\Handlers\FileHandler' driver.
INFO - 2023-08-18 00:13:24 --> Session: Class initialized using 'CodeIgniter\Session\Handlers\FileHandler' driver.
INFO - 2023-08-18 00:14:07 --> Session: Class initialized using 'CodeIgniter\Session\Handlers\FileHandler' driver.
INFO - 2023-08-18 00:15:53 --> Session: Class initialized using 'CodeIgniter\Session\Handlers\FileHandler' driver.
INFO - 2023-08-18 00:16:02 --> Session: Class initialized using 'CodeIgniter\Session\Handlers\FileHandler' driver.
INFO - 2023-08-18 00:17:14 --> Session: Class initialized using 'CodeIgniter\Session\Handlers\FileHandler' driver.
INFO - 2023-08-18 00:18:04 --> Session: Class initialized using 'CodeIgniter\Session\Handlers\FileHandler' driver.
INFO - 2023-08-18 00:18:11 --> Session: Class initialized using 'CodeIgniter\Session\Handlers\FileHandler' driver.
INFO - 2023-08-18 00:18:39 --> Session: Class initialized using 'CodeIgniter\Session\Handlers\FileHandler' driver.
INFO - 2023-08-18 00:18:54 --> Session: Class initialized using 'CodeIgniter\Session\Handlers\FileHandler' driver.
INFO - 2023-08-18 00:20:14 --> Session: Class initialized using 'CodeIgniter\Session\Handlers\FileHandler' driver.
INFO - 2023-08-18 00:20:51 --> Session: Class initialized using 'CodeIgniter\Session\Handlers\FileHandler' driver.
INFO - 2023-08-18 00:21:02 --> Session: Class initialized using 'CodeIgniter\Session\Handlers\FileHandler' driver.
INFO - 2023-08-18 00:21:16 --> Session: Class initialized using 'CodeIgniter\Session\Handlers\FileHandler' driver.
INFO - 2023-08-18 00:21:25 --> Session: Class initialized using 'CodeIgniter\Session\Handlers\FileHandler' driver.
INFO - 2023-08-18 00:21:40 --> Session: Class initialized using 'CodeIgniter\Session\Handlers\FileHandler' driver.
INFO - 2023-08-18 00:21:44 --> Session: Class initialized using 'CodeIgniter\Session\Handlers\FileHandler' driver.
INFO - 2023-08-18 00:22:52 --> Session: Class initialized using 'CodeIgniter\Session\Handlers\FileHandler' driver.
INFO - 2023-08-18 00:23:50 --> Session: Class initialized using 'CodeIgniter\Session\Handlers\FileHandler' driver.
INFO - 2023-08-18 00:25:10 --> Session: Class initialized using 'CodeIgniter\Session\Handlers\FileHandler' driver.
INFO - 2023-08-18 00:25:30 --> Session: Class initialized using 'CodeIgniter\Session\Handlers\FileHandler' driver.
INFO - 2023-08-18 00:26:16 --> Session: Class initialized using 'CodeIgniter\Session\Handlers\FileHandler' driver.
WARNING - 2023-08-18 00:26:16 --> [DEPRECATED] strpos(): Passing null to parameter #1 ($haystack) of type string is deprecated in SYSTEMPATH\Email\Email.php on line 737.
 1 SYSTEMPATH\Email\Email.php(737): strpos(null, ',')
 2 SYSTEMPATH\Email\Email.php(550): CodeIgniter\Email\Email->stringToArray(null)
 3 APPPATH\Controllers\Email.php(22): CodeIgniter\Email\Email->setTo(null)
 4 SYSTEMPATH\CodeIgniter.php(932): App\Controllers\Email->enviar_email()
 5 SYSTEMPATH\CodeIgniter.php(497): CodeIgniter\CodeIgniter->runController(Object(App\Controllers\Email))
 6 SYSTEMPATH\CodeIgniter.php(366): CodeIgniter\CodeIgniter->handleRequest(null, Object(Config\Cache), false)
 7 FCPATH\index.php(67): CodeIgniter\CodeIgniter->run()
WARNING - 2023-08-18 00:26:16 --> [DEPRECATED] trim(): Passing null to parameter #1 ($string) of type string is deprecated in SYSTEMPATH\Email\Email.php on line 737.
 1 SYSTEMPATH\Email\Email.php(737): trim(null)
 2 SYSTEMPATH\Email\Email.php(550): CodeIgniter\Email\Email->stringToArray(null)
 3 APPPATH\Controllers\Email.php(22): CodeIgniter\Email\Email->setTo(null)
 4 SYSTEMPATH\CodeIgniter.php(932): App\Controllers\Email->enviar_email()
 5 SYSTEMPATH\CodeIgniter.php(497): CodeIgniter\CodeIgniter->runController(Object(App\Controllers\Email))
 6 SYSTEMPATH\CodeIgniter.php(366): CodeIgniter\CodeIgniter->handleRequest(null, Object(Config\Cache), false)
 7 FCPATH\index.php(67): CodeIgniter\CodeIgniter->run()
WARNING - 2023-08-18 00:26:16 --> [DEPRECATED] str_replace(): Passing null to parameter #3 ($subject) of type array|string is deprecated in SYSTEMPATH\Email\Email.php on line 1465.
 1 SYSTEMPATH\Email\Email.php(1465): str_replace([...], '', null)
 2 SYSTEMPATH\Email\Email.php(628): CodeIgniter\Email\Email->prepQEncoding(null)
 3 APPPATH\Controllers\Email.php(24): CodeIgniter\Email\Email->setSubject(null)
 4 SYSTEMPATH\CodeIgniter.php(932): App\Controllers\Email->enviar_email()
 5 SYSTEMPATH\CodeIgniter.php(497): CodeIgniter\CodeIgniter->runController(Object(App\Controllers\Email))
 6 SYSTEMPATH\CodeIgniter.php(366): CodeIgniter\CodeIgniter->handleRequest(null, Object(Config\Cache), false)
 7 FCPATH\index.php(67): CodeIgniter\CodeIgniter->run()
WARNING - 2023-08-18 00:26:16 --> [DEPRECATED] str_replace(): Passing null to parameter #3 ($subject) of type array|string is deprecated in SYSTEMPATH\Email\Email.php on line 641.
 1 SYSTEMPATH\Email\Email.php(641): str_replace('', '', null)
 2 APPPATH\Controllers\Email.php(25): CodeIgniter\Email\Email->setMessage(null)
 3 SYSTEMPATH\CodeIgniter.php(932): App\Controllers\Email->enviar_email()
 4 SYSTEMPATH\CodeIgniter.php(497): CodeIgniter\CodeIgniter->runController(Object(App\Controllers\Email))
 5 SYSTEMPATH\CodeIgniter.php(366): CodeIgniter\CodeIgniter->handleRequest(null, Object(Config\Cache), false)
 6 FCPATH\index.php(67): CodeIgniter\CodeIgniter->run()
ERROR - 2023-08-18 00:26:17 --> Email: Unable to send email using SMTP. Your server might not be configured to send mail using this method.
ERROR - 2023-08-18 00:26:17 --> 220 smtp.mailtrap.io ESMTP ready

hello: 250-smtp.mailtrap.io
250-SIZE 5242880
250-PIPELINING
250-ENHANCEDSTATUSCODES
250-8BITMIME
250-DSN
250-AUTH PLAIN LOGIN CRAM-MD5
250 STARTTLS

from: 250 2.1.0 Ok

to: 501 5.1.7 Bad sender address syntax

The following SMTP error was encountered: 501 5.1.7 Bad sender address syntax

quit: 221 2.0.0 Bye

INFO - 2023-08-18 00:26:23 --> Session: Class initialized using 'CodeIgniter\Session\Handlers\FileHandler' driver.
INFO - 2023-08-18 00:26:27 --> Session: Class initialized using 'CodeIgniter\Session\Handlers\FileHandler' driver.
INFO - 2023-08-18 00:26:33 --> Session: Class initialized using 'CodeIgniter\Session\Handlers\FileHandler' driver.
INFO - 2023-08-18 00:26:34 --> Session: Class initialized using 'CodeIgniter\Session\Handlers\FileHandler' driver.
INFO - 2023-08-18 00:26:39 --> Session: Class initialized using 'CodeIgniter\Session\Handlers\FileHandler' driver.
INFO - 2023-08-18 00:26:56 --> Session: Class initialized using 'CodeIgniter\Session\Handlers\FileHandler' driver.
WARNING - 2023-08-18 00:26:56 --> [DEPRECATED] strpos(): Passing null to parameter #1 ($haystack) of type string is deprecated in SYSTEMPATH\Email\Email.php on line 737.
 1 SYSTEMPATH\Email\Email.php(737): strpos(null, ',')
 2 SYSTEMPATH\Email\Email.php(550): CodeIgniter\Email\Email->stringToArray(null)
 3 APPPATH\Controllers\Email.php(22): CodeIgniter\Email\Email->setTo(null)
 4 SYSTEMPATH\CodeIgniter.php(932): App\Controllers\Email->enviar_email()
 5 SYSTEMPATH\CodeIgniter.php(497): CodeIgniter\CodeIgniter->runController(Object(App\Controllers\Email))
 6 SYSTEMPATH\CodeIgniter.php(366): CodeIgniter\CodeIgniter->handleRequest(null, Object(Config\Cache), false)
 7 FCPATH\index.php(67): CodeIgniter\CodeIgniter->run()
WARNING - 2023-08-18 00:26:56 --> [DEPRECATED] trim(): Passing null to parameter #1 ($string) of type string is deprecated in SYSTEMPATH\Email\Email.php on line 737.
 1 SYSTEMPATH\Email\Email.php(737): trim(null)
 2 SYSTEMPATH\Email\Email.php(550): CodeIgniter\Email\Email->stringToArray(null)
 3 APPPATH\Controllers\Email.php(22): CodeIgniter\Email\Email->setTo(null)
 4 SYSTEMPATH\CodeIgniter.php(932): App\Controllers\Email->enviar_email()
 5 SYSTEMPATH\CodeIgniter.php(497): CodeIgniter\CodeIgniter->runController(Object(App\Controllers\Email))
 6 SYSTEMPATH\CodeIgniter.php(366): CodeIgniter\CodeIgniter->handleRequest(null, Object(Config\Cache), false)
 7 FCPATH\index.php(67): CodeIgniter\CodeIgniter->run()
WARNING - 2023-08-18 00:26:56 --> [DEPRECATED] str_replace(): Passing null to parameter #3 ($subject) of type array|string is deprecated in SYSTEMPATH\Email\Email.php on line 1465.
 1 SYSTEMPATH\Email\Email.php(1465): str_replace([...], '', null)
 2 SYSTEMPATH\Email\Email.php(628): CodeIgniter\Email\Email->prepQEncoding(null)
 3 APPPATH\Controllers\Email.php(24): CodeIgniter\Email\Email->setSubject(null)
 4 SYSTEMPATH\CodeIgniter.php(932): App\Controllers\Email->enviar_email()
 5 SYSTEMPATH\CodeIgniter.php(497): CodeIgniter\CodeIgniter->runController(Object(App\Controllers\Email))
 6 SYSTEMPATH\CodeIgniter.php(366): CodeIgniter\CodeIgniter->handleRequest(null, Object(Config\Cache), false)
 7 FCPATH\index.php(67): CodeIgniter\CodeIgniter->run()
WARNING - 2023-08-18 00:26:56 --> [DEPRECATED] str_replace(): Passing null to parameter #3 ($subject) of type array|string is deprecated in SYSTEMPATH\Email\Email.php on line 641.
 1 SYSTEMPATH\Email\Email.php(641): str_replace('', '', null)
 2 APPPATH\Controllers\Email.php(25): CodeIgniter\Email\Email->setMessage(null)
 3 SYSTEMPATH\CodeIgniter.php(932): App\Controllers\Email->enviar_email()
 4 SYSTEMPATH\CodeIgniter.php(497): CodeIgniter\CodeIgniter->runController(Object(App\Controllers\Email))
 5 SYSTEMPATH\CodeIgniter.php(366): CodeIgniter\CodeIgniter->handleRequest(null, Object(Config\Cache), false)
 6 FCPATH\index.php(67): CodeIgniter\CodeIgniter->run()
ERROR - 2023-08-18 00:26:57 --> Email: Unable to send email using SMTP. Your server might not be configured to send mail using this method.
ERROR - 2023-08-18 00:26:57 --> 220 smtp.mailtrap.io ESMTP ready

hello: 250-smtp.mailtrap.io
250-SIZE 5242880
250-PIPELINING
250-ENHANCEDSTATUSCODES
250-8BITMIME
250-DSN
250-AUTH PLAIN LOGIN CRAM-MD5
250 STARTTLS

from: 250 2.1.0 Ok

to: 501 5.1.7 Bad sender address syntax

The following SMTP error was encountered: 501 5.1.7 Bad sender address syntax

quit: 221 2.0.0 Bye

INFO - 2023-08-18 00:28:23 --> Session: Class initialized using 'CodeIgniter\Session\Handlers\FileHandler' driver.
WARNING - 2023-08-18 00:28:23 --> [DEPRECATED] strpos(): Passing null to parameter #1 ($haystack) of type string is deprecated in SYSTEMPATH\Email\Email.php on line 737.
 1 SYSTEMPATH\Email\Email.php(737): strpos(null, ',')
 2 SYSTEMPATH\Email\Email.php(550): CodeIgniter\Email\Email->stringToArray(null)
 3 APPPATH\Controllers\Email.php(22): CodeIgniter\Email\Email->setTo(null)
 4 SYSTEMPATH\CodeIgniter.php(932): App\Controllers\Email->enviar_email()
 5 SYSTEMPATH\CodeIgniter.php(497): CodeIgniter\CodeIgniter->runController(Object(App\Controllers\Email))
 6 SYSTEMPATH\CodeIgniter.php(366): CodeIgniter\CodeIgniter->handleRequest(null, Object(Config\Cache), false)
 7 FCPATH\index.php(67): CodeIgniter\CodeIgniter->run()
WARNING - 2023-08-18 00:28:23 --> [DEPRECATED] trim(): Passing null to parameter #1 ($string) of type string is deprecated in SYSTEMPATH\Email\Email.php on line 737.
 1 SYSTEMPATH\Email\Email.php(737): trim(null)
 2 SYSTEMPATH\Email\Email.php(550): CodeIgniter\Email\Email->stringToArray(null)
 3 APPPATH\Controllers\Email.php(22): CodeIgniter\Email\Email->setTo(null)
 4 SYSTEMPATH\CodeIgniter.php(932): App\Controllers\Email->enviar_email()
 5 SYSTEMPATH\CodeIgniter.php(497): CodeIgniter\CodeIgniter->runController(Object(App\Controllers\Email))
 6 SYSTEMPATH\CodeIgniter.php(366): CodeIgniter\CodeIgniter->handleRequest(null, Object(Config\Cache), false)
 7 FCPATH\index.php(67): CodeIgniter\CodeIgniter->run()
WARNING - 2023-08-18 00:28:23 --> [DEPRECATED] str_replace(): Passing null to parameter #3 ($subject) of type array|string is deprecated in SYSTEMPATH\Email\Email.php on line 1465.
 1 SYSTEMPATH\Email\Email.php(1465): str_replace([...], '', null)
 2 SYSTEMPATH\Email\Email.php(628): CodeIgniter\Email\Email->prepQEncoding(null)
 3 APPPATH\Controllers\Email.php(24): CodeIgniter\Email\Email->setSubject(null)
 4 SYSTEMPATH\CodeIgniter.php(932): App\Controllers\Email->enviar_email()
 5 SYSTEMPATH\CodeIgniter.php(497): CodeIgniter\CodeIgniter->runController(Object(App\Controllers\Email))
 6 SYSTEMPATH\CodeIgniter.php(366): CodeIgniter\CodeIgniter->handleRequest(null, Object(Config\Cache), false)
 7 FCPATH\index.php(67): CodeIgniter\CodeIgniter->run()
WARNING - 2023-08-18 00:28:23 --> [DEPRECATED] str_replace(): Passing null to parameter #3 ($subject) of type array|string is deprecated in SYSTEMPATH\Email\Email.php on line 641.
 1 SYSTEMPATH\Email\Email.php(641): str_replace('', '', null)
 2 APPPATH\Controllers\Email.php(25): CodeIgniter\Email\Email->setMessage(null)
 3 SYSTEMPATH\CodeIgniter.php(932): App\Controllers\Email->enviar_email()
 4 SYSTEMPATH\CodeIgniter.php(497): CodeIgniter\CodeIgniter->runController(Object(App\Controllers\Email))
 5 SYSTEMPATH\CodeIgniter.php(366): CodeIgniter\CodeIgniter->handleRequest(null, Object(Config\Cache), false)
 6 FCPATH\index.php(67): CodeIgniter\CodeIgniter->run()
ERROR - 2023-08-18 00:28:25 --> Email: Unable to send email using SMTP. Your server might not be configured to send mail using this method.
ERROR - 2023-08-18 00:28:25 --> 220 smtp.mailtrap.io ESMTP ready

hello: 250-smtp.mailtrap.io
250-SIZE 5242880
250-PIPELINING
250-ENHANCEDSTATUSCODES
250-8BITMIME
250-DSN
250-AUTH PLAIN LOGIN CRAM-MD5
250 STARTTLS

from: 250 2.1.0 Ok

to: 501 5.1.7 Bad sender address syntax

The following SMTP error was encountered: 501 5.1.7 Bad sender address syntax

quit: 221 2.0.0 Bye

INFO - 2023-08-18 00:33:14 --> Session: Class initialized using 'CodeIgniter\Session\Handlers\FileHandler' driver.
WARNING - 2023-08-18 00:33:14 --> [DEPRECATED] strpos(): Passing null to parameter #1 ($haystack) of type string is deprecated in SYSTEMPATH\Email\Email.php on line 737.
 1 SYSTEMPATH\Email\Email.php(737): strpos(null, ',')
 2 SYSTEMPATH\Email\Email.php(550): CodeIgniter\Email\Email->stringToArray(null)
 3 APPPATH\Controllers\Email.php(22): CodeIgniter\Email\Email->setTo(null)
 4 SYSTEMPATH\CodeIgniter.php(932): App\Controllers\Email->enviar_email()
 5 SYSTEMPATH\CodeIgniter.php(497): CodeIgniter\CodeIgniter->runController(Object(App\Controllers\Email))
 6 SYSTEMPATH\CodeIgniter.php(366): CodeIgniter\CodeIgniter->handleRequest(null, Object(Config\Cache), false)
 7 FCPATH\index.php(67): CodeIgniter\CodeIgniter->run()
WARNING - 2023-08-18 00:33:14 --> [DEPRECATED] trim(): Passing null to parameter #1 ($string) of type string is deprecated in SYSTEMPATH\Email\Email.php on line 737.
 1 SYSTEMPATH\Email\Email.php(737): trim(null)
 2 SYSTEMPATH\Email\Email.php(550): CodeIgniter\Email\Email->stringToArray(null)
 3 APPPATH\Controllers\Email.php(22): CodeIgniter\Email\Email->setTo(null)
 4 SYSTEMPATH\CodeIgniter.php(932): App\Controllers\Email->enviar_email()
 5 SYSTEMPATH\CodeIgniter.php(497): CodeIgniter\CodeIgniter->runController(Object(App\Controllers\Email))
 6 SYSTEMPATH\CodeIgniter.php(366): CodeIgniter\CodeIgniter->handleRequest(null, Object(Config\Cache), false)
 7 FCPATH\index.php(67): CodeIgniter\CodeIgniter->run()
WARNING - 2023-08-18 00:33:14 --> [DEPRECATED] str_replace(): Passing null to parameter #3 ($subject) of type array|string is deprecated in SYSTEMPATH\Email\Email.php on line 1465.
 1 SYSTEMPATH\Email\Email.php(1465): str_replace([...], '', null)
 2 SYSTEMPATH\Email\Email.php(628): CodeIgniter\Email\Email->prepQEncoding(null)
 3 APPPATH\Controllers\Email.php(24): CodeIgniter\Email\Email->setSubject(null)
 4 SYSTEMPATH\CodeIgniter.php(932): App\Controllers\Email->enviar_email()
 5 SYSTEMPATH\CodeIgniter.php(497): CodeIgniter\CodeIgniter->runController(Object(App\Controllers\Email))
 6 SYSTEMPATH\CodeIgniter.php(366): CodeIgniter\CodeIgniter->handleRequest(null, Object(Config\Cache), false)
 7 FCPATH\index.php(67): CodeIgniter\CodeIgniter->run()
WARNING - 2023-08-18 00:33:14 --> [DEPRECATED] str_replace(): Passing null to parameter #3 ($subject) of type array|string is deprecated in SYSTEMPATH\Email\Email.php on line 641.
 1 SYSTEMPATH\Email\Email.php(641): str_replace('', '', null)
 2 APPPATH\Controllers\Email.php(25): CodeIgniter\Email\Email->setMessage(null)
 3 SYSTEMPATH\CodeIgniter.php(932): App\Controllers\Email->enviar_email()
 4 SYSTEMPATH\CodeIgniter.php(497): CodeIgniter\CodeIgniter->runController(Object(App\Controllers\Email))
 5 SYSTEMPATH\CodeIgniter.php(366): CodeIgniter\CodeIgniter->handleRequest(null, Object(Config\Cache), false)
 6 FCPATH\index.php(67): CodeIgniter\CodeIgniter->run()
ERROR - 2023-08-18 00:33:15 --> Email: Unable to send email using SMTP. Your server might not be configured to send mail using this method.
ERROR - 2023-08-18 00:33:15 --> 220 smtp.mailtrap.io ESMTP ready

hello: 250-smtp.mailtrap.io
250-SIZE 5242880
250-PIPELINING
250-ENHANCEDSTATUSCODES
250-8BITMIME
250-DSN
250-AUTH PLAIN LOGIN CRAM-MD5
250 STARTTLS

from: 250 2.1.0 Ok

to: 501 5.1.7 Bad sender address syntax

The following SMTP error was encountered: 501 5.1.7 Bad sender address syntax

quit: 221 2.0.0 Bye

INFO - 2023-08-18 00:37:34 --> Session: Class initialized using 'CodeIgniter\Session\Handlers\FileHandler' driver.
WARNING - 2023-08-18 00:37:34 --> [DEPRECATED] str_replace(): Passing null to parameter #3 ($subject) of type array|string is deprecated in SYSTEMPATH\Email\Email.php on line 641.
 1 SYSTEMPATH\Email\Email.php(641): str_replace('', '', null)
 2 APPPATH\Controllers\Email2.php(28): CodeIgniter\Email\Email->setMessage(null)
 3 SYSTEMPATH\CodeIgniter.php(932): App\Controllers\Email2->enviar__email()
 4 SYSTEMPATH\CodeIgniter.php(497): CodeIgniter\CodeIgniter->runController(Object(App\Controllers\Email2))
 5 SYSTEMPATH\CodeIgniter.php(366): CodeIgniter\CodeIgniter->handleRequest(null, Object(Config\Cache), false)
 6 FCPATH\index.php(67): CodeIgniter\CodeIgniter->run()
CRITICAL - 2023-08-18 00:39:20 --> syntax error, unexpected variable "$sumen", expecting ")"
in APPPATH\Controllers\Email2.php on line 27.
 1 SYSTEMPATH\Autoloader\Autoloader.php(289): CodeIgniter\Autoloader\Autoloader->includeFile('C:\\xampp\\htdocs\\KeyTech\\app\\Controllers\\Email2.php')
 2 SYSTEMPATH\Autoloader\Autoloader.php(267): CodeIgniter\Autoloader\Autoloader->loadInNamespace('App\\Controllers\\Email2')
 3 [internal function]: CodeIgniter\Autoloader\Autoloader->loadClass('App\\Controllers\\Email2')
 4 SYSTEMPATH\CodeIgniter.php(890): class_exists('\\App\\Controllers\\Email2', true)
 5 SYSTEMPATH\CodeIgniter.php(484): CodeIgniter\CodeIgniter->startController()
 6 SYSTEMPATH\CodeIgniter.php(366): CodeIgniter\CodeIgniter->handleRequest(null, Object(Config\Cache), false)
 7 FCPATH\index.php(67): CodeIgniter\CodeIgniter->run()
CRITICAL - 2023-08-18 00:39:44 --> syntax error, unexpected variable "$numtel", expecting ")"
in APPPATH\Controllers\Email2.php on line 28.
 1 SYSTEMPATH\Autoloader\Autoloader.php(289): CodeIgniter\Autoloader\Autoloader->includeFile('C:\\xampp\\htdocs\\KeyTech\\app\\Controllers\\Email2.php')
 2 SYSTEMPATH\Autoloader\Autoloader.php(267): CodeIgniter\Autoloader\Autoloader->loadInNamespace('App\\Controllers\\Email2')
 3 [internal function]: CodeIgniter\Autoloader\Autoloader->loadClass('App\\Controllers\\Email2')
 4 SYSTEMPATH\CodeIgniter.php(890): class_exists('\\App\\Controllers\\Email2', true)
 5 SYSTEMPATH\CodeIgniter.php(484): CodeIgniter\CodeIgniter->startController()
 6 SYSTEMPATH\CodeIgniter.php(366): CodeIgniter\CodeIgniter->handleRequest(null, Object(Config\Cache), false)
 7 FCPATH\index.php(67): CodeIgniter\CodeIgniter->run()
INFO - 2023-08-18 00:39:52 --> Session: Class initialized using 'CodeIgniter\Session\Handlers\FileHandler' driver.
INFO - 2023-08-18 00:40:36 --> Session: Class initialized using 'CodeIgniter\Session\Handlers\FileHandler' driver.
CRITICAL - 2023-08-18 00:40:36 --> Too few arguments to function CodeIgniter\Email\Email::setMessage(), 0 passed in C:\xampp\htdocs\KeyTech\app\Controllers\Email2.php on line 27 and exactly 1 expected
in SYSTEMPATH\Email\Email.php on line 639.
 1 APPPATH\Controllers\Email2.php(27): CodeIgniter\Email\Email->setMessage()
 2 SYSTEMPATH\CodeIgniter.php(932): App\Controllers\Email2->enviar__email()
 3 SYSTEMPATH\CodeIgniter.php(497): CodeIgniter\CodeIgniter->runController(Object(App\Controllers\Email2))
 4 SYSTEMPATH\CodeIgniter.php(366): CodeIgniter\CodeIgniter->handleRequest(null, Object(Config\Cache), false)
 5 FCPATH\index.php(67): CodeIgniter\CodeIgniter->run()
CRITICAL - 2023-08-18 00:40:51 --> syntax error, unexpected variable "$sumen", expecting ")"
in APPPATH\Controllers\Email2.php on line 27.
 1 SYSTEMPATH\Autoloader\Autoloader.php(289): CodeIgniter\Autoloader\Autoloader->includeFile('C:\\xampp\\htdocs\\KeyTech\\app\\Controllers\\Email2.php')
 2 SYSTEMPATH\Autoloader\Autoloader.php(267): CodeIgniter\Autoloader\Autoloader->loadInNamespace('App\\Controllers\\Email2')
 3 [internal function]: CodeIgniter\Autoloader\Autoloader->loadClass('App\\Controllers\\Email2')
 4 SYSTEMPATH\CodeIgniter.php(890): class_exists('\\App\\Controllers\\Email2', true)
 5 SYSTEMPATH\CodeIgniter.php(484): CodeIgniter\CodeIgniter->startController()
 6 SYSTEMPATH\CodeIgniter.php(366): CodeIgniter\CodeIgniter->handleRequest(null, Object(Config\Cache), false)
 7 FCPATH\index.php(67): CodeIgniter\CodeIgniter->run()
INFO - 2023-08-18 00:41:06 --> Session: Class initialized using 'CodeIgniter\Session\Handlers\FileHandler' driver.
WARNING - 2023-08-18 00:41:06 --> [DEPRECATED] str_replace(): Passing null to parameter #3 ($subject) of type array|string is deprecated in SYSTEMPATH\Email\Email.php on line 641.
 1 SYSTEMPATH\Email\Email.php(641): str_replace('', '', null)
 2 APPPATH\Controllers\Email2.php(27): CodeIgniter\Email\Email->setMessage(null, '123123')
 3 SYSTEMPATH\CodeIgniter.php(932): App\Controllers\Email2->enviar__email()
 4 SYSTEMPATH\CodeIgniter.php(497): CodeIgniter\CodeIgniter->runController(Object(App\Controllers\Email2))
 5 SYSTEMPATH\CodeIgniter.php(366): CodeIgniter\CodeIgniter->handleRequest(null, Object(Config\Cache), false)
 6 FCPATH\index.php(67): CodeIgniter\CodeIgniter->run()
INFO - 2023-08-18 00:41:40 --> Session: Class initialized using 'CodeIgniter\Session\Handlers\FileHandler' driver.
WARNING - 2023-08-18 00:41:40 --> [DEPRECATED] str_replace(): Passing null to parameter #3 ($subject) of type array|string is deprecated in SYSTEMPATH\Email\Email.php on line 641.
 1 SYSTEMPATH\Email\Email.php(641): str_replace('', '', null)
 2 APPPATH\Controllers\Email2.php(27): CodeIgniter\Email\Email->setMessage(null)
 3 SYSTEMPATH\CodeIgniter.php(932): App\Controllers\Email2->enviar__email()
 4 SYSTEMPATH\CodeIgniter.php(497): CodeIgniter\CodeIgniter->runController(Object(App\Controllers\Email2))
 5 SYSTEMPATH\CodeIgniter.php(366): CodeIgniter\CodeIgniter->handleRequest(null, Object(Config\Cache), false)
 6 FCPATH\index.php(67): CodeIgniter\CodeIgniter->run()
INFO - 2023-08-18 00:41:56 --> Session: Class initialized using 'CodeIgniter\Session\Handlers\FileHandler' driver.
WARNING - 2023-08-18 00:41:56 --> [DEPRECATED] str_replace(): Passing null to parameter #3 ($subject) of type array|string is deprecated in SYSTEMPATH\Email\Email.php on line 641.
 1 SYSTEMPATH\Email\Email.php(641): str_replace('', '', null)
 2 APPPATH\Controllers\Email2.php(27): CodeIgniter\Email\Email->setMessage(null)
 3 SYSTEMPATH\CodeIgniter.php(932): App\Controllers\Email2->enviar__email()
 4 SYSTEMPATH\CodeIgniter.php(497): CodeIgniter\CodeIgniter->runController(Object(App\Controllers\Email2))
 5 SYSTEMPATH\CodeIgniter.php(366): CodeIgniter\CodeIgniter->handleRequest(null, Object(Config\Cache), false)
 6 FCPATH\index.php(67): CodeIgniter\CodeIgniter->run()
INFO - 2023-08-18 00:42:14 --> Session: Class initialized using 'CodeIgniter\Session\Handlers\FileHandler' driver.
INFO - 2023-08-18 00:42:57 --> Session: Class initialized using 'CodeIgniter\Session\Handlers\FileHandler' driver.
WARNING - 2023-08-18 00:42:57 --> [DEPRECATED] str_replace(): Passing null to parameter #3 ($subject) of type array|string is deprecated in SYSTEMPATH\Email\Email.php on line 641.
 1 SYSTEMPATH\Email\Email.php(641): str_replace('', '', null)
 2 APPPATH\Controllers\Email2.php(27): CodeIgniter\Email\Email->setMessage(null)
 3 SYSTEMPATH\CodeIgniter.php(932): App\Controllers\Email2->enviar__email()
 4 SYSTEMPATH\CodeIgniter.php(497): CodeIgniter\CodeIgniter->runController(Object(App\Controllers\Email2))
 5 SYSTEMPATH\CodeIgniter.php(366): CodeIgniter\CodeIgniter->handleRequest(null, Object(Config\Cache), false)
 6 FCPATH\index.php(67): CodeIgniter\CodeIgniter->run()
INFO - 2023-08-18 00:43:42 --> Session: Class initialized using 'CodeIgniter\Session\Handlers\FileHandler' driver.
INFO - 2023-08-18 00:44:09 --> Session: Class initialized using 'CodeIgniter\Session\Handlers\FileHandler' driver.
CRITICAL - 2023-08-18 00:44:23 --> syntax error, unexpected token ":", expecting ")"
in APPPATH\Controllers\Email2.php on line 27.
 1 SYSTEMPATH\Autoloader\Autoloader.php(289): CodeIgniter\Autoloader\Autoloader->includeFile('C:\\xampp\\htdocs\\KeyTech\\app\\Controllers\\Email2.php')
 2 SYSTEMPATH\Autoloader\Autoloader.php(267): CodeIgniter\Autoloader\Autoloader->loadInNamespace('App\\Controllers\\Email2')
 3 [internal function]: CodeIgniter\Autoloader\Autoloader->loadClass('App\\Controllers\\Email2')
 4 SYSTEMPATH\CodeIgniter.php(890): class_exists('\\App\\Controllers\\Email2', true)
 5 SYSTEMPATH\CodeIgniter.php(484): CodeIgniter\CodeIgniter->startController()
 6 SYSTEMPATH\CodeIgniter.php(366): CodeIgniter\CodeIgniter->handleRequest(null, Object(Config\Cache), false)
 7 FCPATH\index.php(67): CodeIgniter\CodeIgniter->run()
INFO - 2023-08-18 00:49:17 --> Session: Class initialized using 'CodeIgniter\Session\Handlers\FileHandler' driver.
INFO - 2023-08-18 00:50:10 --> Session: Class initialized using 'CodeIgniter\Session\Handlers\FileHandler' driver.
INFO - 2023-08-18 00:50:55 --> Session: Class initialized using 'CodeIgniter\Session\Handlers\FileHandler' driver.
INFO - 2023-08-18 00:50:55 --> Session: Class initialized using 'CodeIgniter\Session\Handlers\FileHandler' driver.
